2013-02-23T06:37:27	Sample	336.89
2013-02-23T06:37:29	Changer	I
2013-02-23T06:37:40	ScriptName	XPRESS_1293031
2013-02-23T06:37:40	Tx_Mon	Out
2013-02-23T06:37:40	Tx_Mon_Pos	130
2013-02-23T06:37:40	Aperture_2	Medium
2013-02-23T06:37:40	Det_HV	2146.2545943513
2013-02-23T06:37:40	Det_Temp	20.988326848249
2013-02-23T06:37:40	Det_Rear_Temp	19
2013-02-23T06:37:40	Det_Discrim	150.679783898596
2013-02-23T06:37:40	Shutter	OPEN
2013-02-23T06:37:40	Changer	I
2013-02-23T06:37:40	Sample	357.3
2013-02-23T06:37:40	Table	10.4994298745724
2013-02-23T06:37:40	Julabo_1	25.37
2013-02-23T06:37:40	Julabo_2	NaN
2013-02-23T06:37:40	Eurotherm_1	-246.861023765093
2013-02-23T06:37:40	Eurotherm_2	0
2013-02-23T06:37:40	Eurotherm_3	24.8591154520278
2013-02-23T06:37:44	Julabo_1	25.43
2013-02-23T06:37:48	Height	TEN
2013-02-23T06:37:57	Sample	357.3
2013-02-23T06:38:13	Chopper	25
2013-02-23T06:38:15	Julabo_1	25.35
2013-02-23T06:38:18	Height	TEN
2013-02-23T06:38:46	Julabo_1	25.45
2013-02-23T06:38:48	Height	TEN
2013-02-23T06:39:13	Chopper	25
2013-02-23T06:39:16	Julabo_1	25.35
2013-02-23T06:39:18	Height	TEN
2013-02-23T06:39:49	Height	TEN
2013-02-23T06:40:01	Julabo_1	25.41
2013-02-23T06:40:14	Chopper	25
2013-02-23T06:40:19	Height	TEN
2013-02-23T06:40:31	Julabo_1	25.35
2013-02-23T06:40:50	Height	TEN
2013-02-23T06:41:02	Julabo_1	25.58
2013-02-23T06:41:15	Chopper	25
2013-02-23T06:41:20	Height	TEN
2013-02-23T06:41:32	Julabo_1	25.39
2013-02-23T06:41:50	Height	TEN
2013-02-23T06:42:03	Julabo_1	25.34
2013-02-23T06:42:16	Chopper	25
2013-02-23T06:42:21	Height	TEN
2013-02-23T06:42:34	Julabo_1	25.44
2013-02-23T06:42:52	Height	TEN
2013-02-23T06:43:05	Julabo_1	25.33
2013-02-23T06:43:16	Chopper	25
2013-02-23T06:43:23	Height	TEN
2013-02-23T06:43:35	Julabo_1	25.44
2013-02-23T06:43:53	Height	TEN
2013-02-23T06:44:06	Julabo_1	25.51
2013-02-23T06:44:17	Chopper	25
2013-02-23T06:44:24	Height	TEN
2013-02-23T06:44:36	Julabo_1	25.38
2013-02-23T06:44:55	Height	TEN
2013-02-23T06:45:17	Chopper	25
2013-02-23T06:45:24	Julabo_1	25.43
2013-02-23T06:45:25	Height	TEN
2013-02-23T06:45:54	Julabo_1	25.37
2013-02-23T06:45:56	Height	TEN
2013-02-23T06:46:18	Chopper	25
2013-02-23T06:46:25	Julabo_1	25.43
2013-02-23T06:46:27	Height	TEN
2013-02-23T06:46:55	Julabo_1	25.38
2013-02-23T06:46:57	Height	TEN
2013-02-23T06:47:18	Chopper	25
2013-02-23T06:47:28	Height	TEN
2013-02-23T06:47:34	Julabo_1	25.44
2013-02-23T06:47:58	Height	TEN
2013-02-23T06:48:04	Julabo_1	25.3
2013-02-23T06:48:18	Chopper	25
2013-02-23T06:48:28	Height	TEN
2013-02-23T06:48:40	Julabo_1	25.35
2013-02-23T06:48:59	Height	TEN
2013-02-23T06:49:18	Chopper	25
2013-02-23T06:49:19	Julabo_1	25.41
2013-02-23T06:49:30	Height	TEN
2013-02-23T06:49:58	Julabo_1	25.35
2013-02-23T06:50:00	Height	TEN
2013-02-23T06:50:18	Chopper	25
2013-02-23T06:50:29	Julabo_1	25.44
2013-02-23T06:50:31	Height	TEN
2013-02-23T06:50:59	Julabo_1	25.38
2013-02-23T06:51:01	Height	TEN
2013-02-23T06:51:18	Chopper	25
2013-02-23T06:51:31	Height	TEN
2013-02-23T06:51:31	Julabo_1	25.44
2013-02-23T06:52:01	Height	TEN
2013-02-23T06:52:14	Julabo_1	25.51
2013-02-23T06:52:19	Chopper	25
2013-02-23T06:52:32	Height	TEN
2013-02-23T06:52:44	Julabo_1	25.36
2013-02-23T06:53:02	Height	TEN
2013-02-23T06:53:15	Julabo_1	25.29
2013-02-23T06:53:19	Chopper	25
2013-02-23T06:53:32	Height	TEN
2013-02-23T06:53:45	Julabo_1	25.36
2013-02-23T06:54:02	Height	TEN
2013-02-23T06:54:18	Julabo_1	25.44
2013-02-23T06:54:20	Chopper	25
2013-02-23T06:54:33	Height	TEN
2013-02-23T06:54:49	Julabo_1	25.28
2013-02-23T06:55:03	Height	TEN
2013-02-23T06:55:19	Julabo_1	25.4
2013-02-23T06:55:21	Chopper	25
2013-02-23T06:55:34	Height	TEN
2013-02-23T06:55:44	Det_Temp	21.0817120622568
2013-02-23T06:56:01	Julabo_1	25.33
2013-02-23T06:56:04	Height	TEN
2013-02-23T06:56:21	Chopper	24.99
2013-02-23T06:56:31	Julabo_1	25.39
2013-02-23T06:56:35	Height	TEN
2013-02-23T06:57:06	Height	TEN
2013-02-23T06:57:22	Chopper	25
2013-02-23T06:57:35	Julabo_1	25.46
2013-02-23T06:57:37	Height	TEN
2013-02-23T06:58:06	Julabo_1	25.4
2013-02-23T06:58:08	Height	TEN
2013-02-23T06:58:23	Chopper	25
2013-02-23T06:58:36	Julabo_1	25.32
2013-02-23T06:58:38	Height	TEN
2013-02-23T06:59:06	Julabo_1	25.37
2013-02-23T06:59:09	Height	TEN
2013-02-23T06:59:23	Chopper	24.99
2013-02-23T06:59:39	Height	TEN
2013-02-23T06:59:42	Julabo_1	25.44
2013-02-23T07:00:10	Height	TEN
2013-02-23T07:00:12	Julabo_1	25.36
2013-02-23T07:00:23	Chopper	25
2013-02-23T07:00:41	Height	TEN
2013-02-23T07:00:43	Julabo_1	25.29
2013-02-23T07:01:11	Height	TEN
2013-02-23T07:01:13	Julabo_1	25.47
2013-02-23T07:01:24	Chopper	24.99
2013-02-23T07:01:41	Height	TEN
2013-02-23T07:01:47	Julabo_1	25.4
2013-02-23T07:02:12	Height	TEN
2013-02-23T07:02:24	Chopper	25
2013-02-23T07:02:34	Julabo_1	25.34
2013-02-23T07:02:43	Height	TEN
2013-02-23T07:03:06	Julabo_1	25.39
2013-02-23T07:03:13	Height	TEN
2013-02-23T07:03:25	Chopper	25
2013-02-23T07:03:43	Height	TEN
2013-02-23T07:03:43	Julabo_1	25.45
2013-02-23T07:04:13	Height	TEN
2013-02-23T07:04:13	Julabo_1	25.5
2013-02-23T07:04:25	Chopper	25
2013-02-23T07:04:43	Height	TEN
2013-02-23T07:04:43	Julabo_1	25.33
2013-02-23T07:05:14	Height	TEN
2013-02-23T07:05:15	Julabo_1	25.39
2013-02-23T07:05:26	Chopper	25
2013-02-23T07:05:44	Height	TEN
2013-02-23T07:05:46	Julabo_1	25.56
2013-02-23T07:06:14	Height	TEN
2013-02-23T07:06:16	Julabo_1	25.39
2013-02-23T07:06:26	Chopper	25
2013-02-23T07:06:45	Height	TEN
2013-02-23T07:06:52	Julabo_1	25.48
2013-02-23T07:07:15	Height	TEN
2013-02-23T07:07:22	Julabo_1	25.35
2013-02-23T07:07:27	Chopper	25
2013-02-23T07:07:45	Height	TEN
2013-02-23T07:07:52	Julabo_1	25.49
2013-02-23T07:08:15	Height	TEN
2013-02-23T07:08:23	Julabo_1	25.34
2013-02-23T07:08:27	Chopper	25
2013-02-23T07:08:46	Height	TEN
2013-02-23T07:08:53	Julabo_1	25.41
2013-02-23T07:09:17	Height	TEN
2013-02-23T07:09:24	Julabo_1	25.31
2013-02-23T07:09:28	Chopper	25
2013-02-23T07:09:33	Eurotherm_3	24.7560132953447
2013-02-23T07:09:47	Height	TEN
2013-02-23T07:10:03	Eurotherm_3	24.8591154520278
2013-02-23T07:10:04	Julabo_1	25.36
2013-02-23T07:10:17	Height	TEN
2013-02-23T07:10:29	Chopper	25
2013-02-23T07:10:34	Julabo_1	25.45
2013-02-23T07:10:34	Eurotherm_3	24.7560132953447
2013-02-23T07:10:47	Height	TEN
2013-02-23T07:11:04	Julabo_1	25.34
2013-02-23T07:11:07	Eurotherm_3	24.8591154520278
2013-02-23T07:11:17	Height	TEN
2013-02-23T07:11:30	Chopper	25
2013-02-23T07:11:37	Eurotherm_3	24.7560132953447
2013-02-23T07:11:42	Julabo_1	25.39
2013-02-23T07:11:48	Height	TEN
2013-02-23T07:12:14	Eurotherm_3	24.8591154520278
2013-02-23T07:12:18	Height	TEN
2013-02-23T07:12:20	Julabo_1	25.47
2013-02-23T07:12:31	Chopper	25
2013-02-23T07:12:45	Eurotherm_3	24.7560132953447
2013-02-23T07:12:49	Height	TEN
2013-02-23T07:12:51	Julabo_1	25.41
2013-02-23T07:13:15	Eurotherm_3	24.8591154520278
2013-02-23T07:13:19	Height	TEN
2013-02-23T07:13:29	Julabo_1	25.46
2013-02-23T07:13:31	Chopper	25
2013-02-23T07:13:47	Eurotherm_3	24.7560132953447
2013-02-23T07:13:50	Height	TEN
2013-02-23T07:14:00	Julabo_1	25.36
2013-02-23T07:14:17	Eurotherm_3	24.8591154520278
2013-02-23T07:14:20	Height	TEN
2013-02-23T07:14:30	Julabo_1	25.29
2013-02-23T07:14:31	Chopper	25
2013-02-23T07:14:48	Eurotherm_3	24.7560132953447
2013-02-23T07:14:50	Height	TEN
2013-02-23T07:15:00	Julabo_1	25.37
2013-02-23T07:15:20	Height	TEN
2013-02-23T07:15:27	Eurotherm_3	24.8591154520278
2013-02-23T07:15:30	Julabo_1	25.42
2013-02-23T07:15:31	Chopper	25
2013-02-23T07:15:50	Height	TEN
2013-02-23T07:15:57	Eurotherm_3	24.7560132953447
2013-02-23T07:16:10	Julabo_1	25.49
2013-02-23T07:16:20	Height	TEN
2013-02-23T07:16:27	Eurotherm_3	24.8591154520278
2013-02-23T07:16:31	Chopper	25
2013-02-23T07:16:40	Julabo_1	25.36
2013-02-23T07:16:50	Height	TEN
2013-02-23T07:17:11	Julabo_1	25.41
2013-02-23T07:17:20	Height	TEN
2013-02-23T07:17:23	Eurotherm_3	24.7560132953447
2013-02-23T07:17:31	Chopper	25
2013-02-23T07:17:45	Julabo_1	25.35
2013-02-23T07:17:51	Height	TEN
2013-02-23T07:17:53	Eurotherm_3	24.8591154520278
2013-02-23T07:18:15	Julabo_1	25.41
2013-02-23T07:18:21	Height	TEN
2013-02-23T07:18:31	Chopper	25
2013-02-23T07:18:51	Height	TEN
2013-02-23T07:18:54	Julabo_1	25.46
2013-02-23T07:19:21	Height	TEN
2013-02-23T07:19:24	Julabo_1	25.4
2013-02-23T07:19:31	Chopper	25
2013-02-23T07:19:51	Height	TEN
2013-02-23T07:20:01	Julabo_1	25.47
2013-02-23T07:20:08	Det_Temp	20.9571984435798
2013-02-23T07:20:21	Height	TEN
2013-02-23T07:20:31	Chopper	25
2013-02-23T07:20:31	Julabo_1	25.4
2013-02-23T07:20:52	Height	TEN
2013-02-23T07:21:04	Julabo_1	25.45
2013-02-23T07:21:23	Height	TEN
2013-02-23T07:21:32	Chopper	25
2013-02-23T07:21:40	Julabo_1	25.5
2013-02-23T07:21:54	Height	TEN
2013-02-23T07:22:10	Julabo_1	25.42
2013-02-23T07:22:24	Height	TEN
2013-02-23T07:22:32	Chopper	24.99
2013-02-23T07:22:40	Julabo_1	25.34
2013-02-23T07:22:54	Height	TEN
2013-02-23T07:23:15	Julabo_1	25.29
2013-02-23T07:23:25	Height	TEN
2013-02-23T07:23:32	Chopper	25
2013-02-23T07:23:46	Julabo_1	25.43
2013-02-23T07:23:55	Height	TEN
2013-02-23T07:24:22	Julabo_1	25.38
2013-02-23T07:24:26	Height	TEN
2013-02-23T07:24:33	Chopper	25
2013-02-23T07:24:52	Julabo_1	25.53
2013-02-23T07:24:56	Height	TEN
2013-02-23T07:25:24	Julabo_1	25.48
2013-02-23T07:25:26	Height	TEN
2013-02-23T07:25:34	Chopper	25
2013-02-23T07:25:55	Julabo_1	25.34
2013-02-23T07:25:57	Height	TEN
2013-02-23T07:26:25	Julabo_1	25.39
2013-02-23T07:26:27	Height	TEN
2013-02-23T07:26:34	Chopper	25
2013-02-23T07:26:57	Height	TEN
2013-02-23T07:26:58	Julabo_1	25.44
2013-02-23T07:27:28	Height	TEN
2013-02-23T07:27:30	Julabo_1	25.39
2013-02-23T07:27:34	Chopper	25
2013-02-23T07:27:58	Height	TEN
2013-02-23T07:28:21	Julabo_1	25.45
2013-02-23T07:28:28	Height	TEN
2013-02-23T07:28:34	Chopper	25
2013-02-23T07:28:51	Julabo_1	25.35
2013-02-23T07:28:58	Height	TEN
2013-02-23T07:29:23	Julabo_1	25.41
2013-02-23T07:29:28	Height	TEN
2013-02-23T07:29:34	Chopper	25
2013-02-23T07:29:53	Julabo_1	25.35
2013-02-23T07:29:58	Height	TEN
2013-02-23T07:30:28	Height	TEN
2013-02-23T07:30:34	Chopper	25
2013-02-23T07:30:34	Julabo_1	25.42
2013-02-23T07:30:58	Height	TEN
2013-02-23T07:31:13	Julabo_1	25.5
2013-02-23T07:31:28	Height	TEN
2013-02-23T07:31:34	Chopper	25
2013-02-23T07:31:43	Julabo_1	25.35
2013-02-23T07:31:58	Height	TEN
2013-02-23T07:32:28	Height	TEN
2013-02-23T07:32:34	Chopper	25
2013-02-23T07:32:44	Julabo_1	25.41
2013-02-23T07:32:59	Height	TEN
2013-02-23T07:33:18	Julabo_1	25.36
2013-02-23T07:33:29	Height	TEN
2013-02-23T07:33:34	Chopper	24.99
2013-02-23T07:34:00	Height	TEN
2013-02-23T07:34:01	Julabo_1	25.42
2013-02-23T07:34:30	Height	TEN
2013-02-23T07:34:31	Julabo_1	25.36
2013-02-23T07:34:35	Chopper	25
2013-02-23T07:35:00	Height	TEN
2013-02-23T07:35:06	Julabo_1	25.31
2013-02-23T07:35:30	Height	TEN
2013-02-23T07:35:36	Chopper	25
2013-02-23T07:35:37	Julabo_1	25.43
2013-02-23T07:36:01	Height	TEN
2013-02-23T07:36:12	Julabo_1	25.48
2013-02-23T07:36:31	Height	TEN
2013-02-23T07:36:36	Chopper	25
2013-02-23T07:36:54	Julabo_1	25.42
2013-02-23T07:37:01	Height	TEN
2013-02-23T07:37:32	Height	TEN
2013-02-23T07:37:37	Chopper	25
2013-02-23T07:37:44	Julabo_1	25.37
2013-02-23T07:38:02	Height	TEN
2013-02-23T07:38:15	Julabo_1	25.47
2013-02-23T07:38:33	Height	TEN
2013-02-23T07:38:37	Chopper	25
2013-02-23T07:38:45	Julabo_1	25.38
2013-02-23T07:39:03	Height	TEN
2013-02-23T07:39:29	Julabo_1	25.45
2013-02-23T07:39:34	Height	TEN
2013-02-23T07:39:37	Chopper	25
2013-02-23T07:40:05	Height	TEN
2013-02-23T07:40:12	Julabo_1	25.4
2013-02-23T07:40:35	Height	TEN
2013-02-23T07:40:37	Chopper	25
2013-02-23T07:40:42	Julabo_1	25.49
2013-02-23T07:41:06	Height	TEN
2013-02-23T07:41:13	Julabo_1	25.38
2013-02-23T07:41:36	Height	TEN
2013-02-23T07:41:38	Chopper	25
2013-02-23T07:41:44	Julabo_1	25.43
2013-02-23T07:42:07	Height	TEN
2013-02-23T07:42:15	Julabo_1	25.32
2013-02-23T07:42:37	Height	TEN
2013-02-23T07:42:38	Chopper	25
2013-02-23T07:42:45	Julabo_1	25.39
2013-02-23T07:43:08	Height	TEN
2013-02-23T07:43:22	Julabo_1	25.44
2013-02-23T07:43:38	Chopper	25
2013-02-23T07:43:38	Height	TEN
2013-02-23T07:43:56	Julabo_1	25.39
2013-02-23T07:44:08	Height	TEN
2013-02-23T07:44:26	Julabo_1	25.46
2013-02-23T07:44:39	Chopper	25
2013-02-23T07:44:39	Height	TEN
2013-02-23T07:45:09	Julabo_1	25.41
2013-02-23T07:45:10	Height	TEN
2013-02-23T07:45:39	Chopper	25
2013-02-23T07:45:39	Julabo_1	25.47
2013-02-23T07:45:41	Height	TEN
2013-02-23T07:46:09	Julabo_1	25.41
2013-02-23T07:46:12	Height	TEN
2013-02-23T07:46:39	Chopper	25
2013-02-23T07:46:43	Height	TEN
2013-02-23T07:46:44	Julabo_1	25.36
2013-02-23T07:47:13	Height	TEN
2013-02-23T07:47:19	Julabo_1	25.41
2013-02-23T07:47:40	Chopper	25
2013-02-23T07:47:44	Height	TEN
2013-02-23T07:47:58	Julabo_1	25.35
2013-02-23T07:48:15	Height	TEN
2013-02-23T07:48:29	Julabo_1	25.41
2013-02-23T07:48:40	Chopper	25
2013-02-23T07:48:45	Height	TEN
2013-02-23T07:49:00	Julabo_1	25.35
2013-02-23T07:49:16	Height	TEN
2013-02-23T07:49:33	Julabo_1	25.3
2013-02-23T07:49:41	Chopper	25
2013-02-23T07:49:46	Height	TEN
2013-02-23T07:50:04	Julabo_1	25.36
2013-02-23T07:50:16	Height	TEN
2013-02-23T07:50:35	Julabo_1	25.47
2013-02-23T07:50:41	Chopper	25
2013-02-23T07:50:46	Height	TEN
2013-02-23T07:51:07	Julabo_1	25.41
2013-02-23T07:51:16	Height	TEN
2013-02-23T07:51:37	Julabo_1	25.46
2013-02-23T07:51:41	Chopper	25
2013-02-23T07:51:46	Height	TEN
2013-02-23T07:52:12	Julabo_1	25.4
2013-02-23T07:52:16	Height	TEN
2013-02-23T07:52:41	Chopper	25
2013-02-23T07:52:42	Julabo_1	25.46
2013-02-23T07:52:46	Height	TEN
2013-02-23T07:52:52	Det_Temp	21.0817120622568
2013-02-23T07:53:16	Height	TEN
2013-02-23T07:53:17	Julabo_1	25.51
2013-02-23T07:53:41	Chopper	24.99
2013-02-23T07:53:46	Height	TEN
2013-02-23T07:53:52	Julabo_1	25.45
2013-02-23T07:54:16	Height	TEN
2013-02-23T07:54:34	Julabo_1	25.4
2013-02-23T07:54:41	Chopper	25
2013-02-23T07:54:46	Height	TEN
2013-02-23T07:55:04	Julabo_1	25.51
2013-02-23T07:55:16	Height	TEN
2013-02-23T07:55:35	Julabo_1	25.42
2013-02-23T07:55:42	Chopper	25
2013-02-23T07:55:46	Height	TEN
2013-02-23T07:56:16	Height	TEN
2013-02-23T07:56:43	Chopper	25
2013-02-23T07:56:47	Height	TEN
2013-02-23T07:56:55	Julabo_1	25.37
2013-02-23T07:57:17	Height	TEN
2013-02-23T07:57:26	Julabo_1	25.32
2013-02-23T07:57:43	Chopper	25
2013-02-23T07:57:48	Height	TEN
2013-02-23T07:57:57	Julabo_1	25.26
2013-02-23T07:58:18	Height	TEN
2013-02-23T07:58:28	Julabo_1	25.32
2013-02-23T07:58:43	Chopper	25
2013-02-23T07:58:48	Height	TEN
2013-02-23T07:58:59	Julabo_1	25.48
2013-02-23T07:59:19	Height	TEN
2013-02-23T07:59:29	Julabo_1	25.42
2013-02-23T07:59:44	Chopper	25
2013-02-23T07:59:49	Height	TEN
2013-02-23T08:00:19	Height	TEN
2013-02-23T08:00:44	Chopper	25
2013-02-23T08:00:49	Height	TEN
2013-02-23T08:01:07	Julabo_1	25.36
2013-02-23T08:01:20	Height	TEN
2013-02-23T08:01:45	Chopper	25
2013-02-23T08:01:51	Height	TEN
2013-02-23T08:01:51	Julabo_1	25.41
2013-02-23T08:02:21	Height	TEN
2013-02-23T08:02:46	Chopper	24.99
2013-02-23T08:02:51	Height	TEN
2013-02-23T08:02:54	Julabo_1	25.36
2013-02-23T08:03:22	Height	TEN
2013-02-23T08:03:47	Chopper	25
2013-02-23T08:03:47	Julabo_1	25.41
2013-02-23T08:03:53	Height	TEN
2013-02-23T08:04:18	Julabo_1	25.36
2013-02-23T08:04:23	Height	TEN
2013-02-23T08:04:47	Chopper	25
2013-02-23T08:04:48	Julabo_1	25.42
2013-02-23T08:04:54	Height	TEN
2013-02-23T08:05:22	Julabo_1	25.37
2013-02-23T08:05:24	Height	TEN
2013-02-23T08:05:48	Chopper	25
2013-02-23T08:05:55	Height	TEN
2013-02-23T08:06:14	Julabo_1	25.42
2013-02-23T08:06:26	Height	TEN
2013-02-23T08:06:45	Julabo_1	25.37
2013-02-23T08:06:49	Chopper	25
2013-02-23T08:06:56	Height	TEN
2013-02-23T08:07:15	Julabo_1	25.51
2013-02-23T08:07:27	Height	TEN
2013-02-23T08:07:46	Julabo_1	25.41
2013-02-23T08:07:49	Chopper	25
2013-02-23T08:07:57	Height	TEN
2013-02-23T08:08:21	Julabo_1	25.46
2013-02-23T08:08:28	Height	TEN
2013-02-23T08:08:50	Chopper	25
2013-02-23T08:08:52	Julabo_1	25.35
2013-02-23T08:08:58	Height	TEN
2013-02-23T08:09:23	Julabo_1	25.41
2013-02-23T08:09:29	Height	TEN
2013-02-23T08:09:50	Chopper	25
2013-02-23T08:10:00	Height	TEN
2013-02-23T08:10:01	Julabo_1	25.36
2013-02-23T08:10:30	Height	TEN
2013-02-23T08:10:31	Julabo_1	25.41
2013-02-23T08:10:51	Chopper	25
2013-02-23T08:11:00	Height	TEN
2013-02-23T08:11:02	Julabo_1	25.36
2013-02-23T08:11:31	Height	TEN
2013-02-23T08:11:32	Julabo_1	25.45
2013-02-23T08:11:51	Chopper	25
2013-02-23T08:12:01	Height	TEN
2013-02-23T08:12:10	Julabo_1	25.4
2013-02-23T08:12:31	Height	TEN
2013-02-23T08:12:51	Chopper	25
2013-02-23T08:12:52	Det_Temp	20.9260700389105
2013-02-23T08:12:53	Julabo_1	25.45
2013-02-23T08:13:01	Height	TEN
2013-02-23T08:13:23	Julabo_1	25.38
2013-02-23T08:13:31	Height	TEN
2013-02-23T08:13:52	Chopper	25
2013-02-23T08:13:54	Julabo_1	25.44
2013-02-23T08:14:02	Height	TEN
2013-02-23T08:14:25	Julabo_1	25.33
2013-02-23T08:14:33	Height	TEN
2013-02-23T08:14:53	Chopper	25
2013-02-23T08:14:55	Julabo_1	25.46
2013-02-23T08:15:03	Height	TEN
2013-02-23T08:15:25	Julabo_1	25.36
2013-02-23T08:15:34	Height	TEN
2013-02-23T08:15:53	Chopper	25
2013-02-23T08:16:04	Height	TEN
2013-02-23T08:16:15	Julabo_1	25.43
2013-02-23T08:16:35	Height	TEN
2013-02-23T08:16:54	Chopper	24.99
2013-02-23T08:17:05	Height	TEN
2013-02-23T08:17:09	Julabo_1	25.38
2013-02-23T08:17:36	Height	TEN
2013-02-23T08:17:40	Julabo_1	25.55
2013-02-23T08:17:54	Chopper	25
2013-02-23T08:18:07	Height	TEN
2013-02-23T08:18:10	Julabo_1	25.36
2013-02-23T08:18:37	Height	TEN
2013-02-23T08:18:41	Julabo_1	25.46
2013-02-23T08:18:55	Chopper	25
2013-02-23T08:19:08	Height	TEN
2013-02-23T08:19:19	Julabo_1	25.41
2013-02-23T08:19:39	Height	TEN
2013-02-23T08:19:54	Julabo_1	25.36
2013-02-23T08:19:56	Chopper	24.99
2013-02-23T08:20:10	Height	TEN
2013-02-23T08:20:25	Julabo_1	25.29
2013-02-23T08:20:41	Height	TEN
2013-02-23T08:20:55	Julabo_1	25.41
2013-02-23T08:20:56	Chopper	25
2013-02-23T08:21:11	Height	TEN
2013-02-23T08:21:25	Julabo_1	25.48
2013-02-23T08:21:41	Height	TEN
2013-02-23T08:21:56	Chopper	25
2013-02-23T08:21:56	Julabo_1	25.43
2013-02-23T08:22:11	Height	TEN
2013-02-23T08:22:26	Julabo_1	25.35
2013-02-23T08:22:41	Height	TEN
2013-02-23T08:22:56	Chopper	25
2013-02-23T08:22:57	Julabo_1	25.42
2013-02-23T08:23:11	Height	TEN
2013-02-23T08:23:27	Julabo_1	25.34
2013-02-23T08:23:41	Height	TEN
2013-02-23T08:23:56	Chopper	25
2013-02-23T08:24:08	Julabo_1	25.42
2013-02-23T08:24:11	Height	TEN
2013-02-23T08:24:38	Julabo_1	25.48
2013-02-23T08:24:41	Height	TEN
2013-02-23T08:24:56	Chopper	25
2013-02-23T08:25:08	Julabo_1	25.36
2013-02-23T08:25:11	Height	TEN
2013-02-23T08:25:41	Height	TEN
2013-02-23T08:25:56	Chopper	25
2013-02-23T08:26:05	Julabo_1	25.42
2013-02-23T08:26:12	Height	TEN
2013-02-23T08:26:35	Julabo_1	25.37
2013-02-23T08:26:43	Height	TEN
2013-02-23T08:26:56	Chopper	25
2013-02-23T08:27:14	Height	TEN
2013-02-23T08:27:24	Julabo_1	25.42
2013-02-23T08:27:44	Height	TEN
2013-02-23T08:27:55	Julabo_1	25.48
2013-02-23T08:27:57	Chopper	25
2013-02-23T08:28:14	Height	TEN
2013-02-23T08:28:26	Julabo_1	25.43
2013-02-23T08:28:45	Height	TEN
2013-02-23T08:28:58	Chopper	25
2013-02-23T08:29:00	Julabo_1	25.36
2013-02-23T08:29:15	Height	TEN
2013-02-23T08:29:44	Julabo_1	25.44
2013-02-23T08:29:45	Height	TEN
2013-02-23T08:29:58	Chopper	25
2013-02-23T08:30:14	Julabo_1	25.28
2013-02-23T08:30:15	Height	TEN
2013-02-23T08:30:45	Julabo_1	25.45
2013-02-23T08:30:46	Height	TEN
2013-02-23T08:30:58	Chopper	25
2013-02-23T08:31:15	Julabo_1	25.38
2013-02-23T08:31:16	Height	TEN
2013-02-23T08:31:47	Height	TEN
2013-02-23T08:31:56	Julabo_1	25.43
2013-02-23T08:31:59	Chopper	25
2013-02-23T08:32:18	Height	TEN
2013-02-23T08:32:27	Julabo_1	25.38
2013-02-23T08:32:48	Height	TEN
2013-02-23T08:32:57	Julabo_1	25.3
2013-02-23T08:33:00	Chopper	25
2013-02-23T08:33:18	Height	TEN
2013-02-23T08:33:38	Julabo_1	25.37
2013-02-23T08:33:45	Det_Temp	21.0817120622568
2013-02-23T08:33:48	Height	TEN
2013-02-23T08:34:00	Chopper	25
2013-02-23T08:34:08	Julabo_1	25.48
2013-02-23T08:34:18	Height	TEN
2013-02-23T08:34:38	Julabo_1	25.35
2013-02-23T08:34:49	Height	TEN
2013-02-23T08:35:00	Chopper	25
2013-02-23T08:35:15	Julabo_1	25.45
2013-02-23T08:35:20	Height	TEN
2013-02-23T08:35:45	Julabo_1	25.37
2013-02-23T08:35:50	Height	TEN
2013-02-23T08:36:00	Chopper	25
2013-02-23T08:36:21	Height	TEN
2013-02-23T08:36:42	Julabo_1	25.43
2013-02-23T08:36:51	Height	TEN
2013-02-23T08:37:00	Chopper	25
2013-02-23T08:37:15	Julabo_1	25.38
2013-02-23T08:37:21	Height	TEN
2013-02-23T08:37:45	Julabo_1	25.44
2013-02-23T08:37:51	Height	TEN
2013-02-23T08:38:01	Chopper	25
2013-02-23T08:38:16	Julabo_1	25.39
2013-02-23T08:38:22	Height	TEN
2013-02-23T08:38:52	Height	TEN
2013-02-23T08:39:01	Julabo_1	25.33
2013-02-23T08:39:02	Chopper	25
2013-02-23T08:39:23	Height	TEN
2013-02-23T08:39:32	Julabo_1	25.38
2013-02-23T08:39:53	Height	TEN
2013-02-23T08:40:02	Julabo_1	25.43
2013-02-23T08:40:03	Chopper	25
2013-02-23T08:40:24	Height	TEN
2013-02-23T08:40:32	Julabo_1	25.36
2013-02-23T08:40:55	Height	TEN
2013-02-23T08:41:03	Chopper	25
2013-02-23T08:41:03	Julabo_1	25.28
2013-02-23T08:41:26	Height	TEN
2013-02-23T08:41:33	Julabo_1	25.36
2013-02-23T08:41:57	Height	TEN
2013-02-23T08:42:03	Chopper	25
2013-02-23T08:42:04	Julabo_1	25.42
2013-02-23T08:42:27	Height	TEN
2013-02-23T08:42:36	Julabo_1	25.36
2013-02-23T08:42:57	Height	TEN
2013-02-23T08:43:03	Chopper	25
2013-02-23T08:43:06	Julabo_1	25.3
2013-02-23T08:43:27	Height	TEN
2013-02-23T08:43:36	Julabo_1	25.36
2013-02-23T08:43:57	Height	TEN
2013-02-23T08:44:03	Chopper	24.99
2013-02-23T08:44:09	Julabo_1	25.42
2013-02-23T08:44:27	Height	TEN
2013-02-23T08:44:39	Julabo_1	25.3
2013-02-23T08:44:57	Height	TEN
2013-02-23T08:45:03	Chopper	25
2013-02-23T08:45:09	Julabo_1	25.43
2013-02-23T08:45:27	Height	TEN
2013-02-23T08:45:41	Julabo_1	25.5
2013-02-23T08:45:57	Height	TEN
2013-02-23T08:46:03	Chopper	25
2013-02-23T08:46:11	Julabo_1	25.55
2013-02-23T08:46:27	Height	TEN
2013-02-23T08:46:41	Julabo_1	25.43
2013-02-23T08:46:57	Height	TEN
2013-02-23T08:47:03	Chopper	25
2013-02-23T08:47:12	Julabo_1	25.33
2013-02-23T08:47:28	Height	TEN
2013-02-23T08:47:43	Julabo_1	25.42
2013-02-23T08:47:58	Height	TEN
2013-02-23T08:48:04	Chopper	25
2013-02-23T08:48:14	Julabo_1	25.31
2013-02-23T08:48:28	Height	TEN
2013-02-23T08:48:44	Julabo_1	25.5
2013-02-23T08:48:59	Height	TEN
2013-02-23T08:49:05	Chopper	25
2013-02-23T08:49:15	Julabo_1	25.39
2013-02-23T08:49:30	Height	TEN
2013-02-23T08:50:00	Height	TEN
2013-02-23T08:50:05	Chopper	25
2013-02-23T08:50:05	Julabo_1	25.44
2013-02-23T08:50:30	Height	TEN
2013-02-23T08:50:36	Julabo_1	25.38
2013-02-23T08:51:01	Height	TEN
2013-02-23T08:51:06	Chopper	25
2013-02-23T08:51:20	Julabo_1	25.33
2013-02-23T08:51:32	Height	TEN
2013-02-23T08:51:50	Julabo_1	25.41
2013-02-23T08:52:03	Height	TEN
2013-02-23T08:52:07	Chopper	25
2013-02-23T08:52:34	Height	TEN
2013-02-23T08:52:36	Julabo_1	25.36
2013-02-23T08:53:04	Height	TEN
2013-02-23T08:53:07	Chopper	25
2013-02-23T08:53:16	Julabo_1	25.31
2013-02-23T08:53:35	Height	TEN
2013-02-23T08:53:45	Det_Temp	20.9260700389105
2013-02-23T08:53:46	Julabo_1	25.45
2013-02-23T08:54:05	Height	TEN
2013-02-23T08:54:08	Chopper	25
2013-02-23T08:54:24	Julabo_1	25.4
2013-02-23T08:54:35	Height	TEN
2013-02-23T08:54:54	Julabo_1	25.32
2013-02-23T08:55:05	Height	TEN
2013-02-23T08:55:08	Chopper	25
2013-02-23T08:55:25	Julabo_1	25.41
2013-02-23T08:55:36	Height	TEN
2013-02-23T08:55:55	Julabo_1	25.47
2013-02-23T08:56:06	Height	TEN
2013-02-23T08:56:09	Chopper	25
2013-02-23T08:56:25	Julabo_1	25.38
2013-02-23T08:56:36	Height	TEN
2013-02-23T08:57:00	Julabo_1	25.33
2013-02-23T08:57:07	Height	TEN
2013-02-23T08:57:09	Chopper	25
2013-02-23T08:57:30	Julabo_1	25.39
2013-02-23T08:57:37	Height	TEN
2013-02-23T08:58:01	Julabo_1	25.47
2013-02-23T08:58:08	Height	TEN
2013-02-23T08:58:09	Chopper	25
2013-02-23T08:58:36	Julabo_1	25.41
2013-02-23T08:58:38	Height	TEN
2013-02-23T08:59:09	Height	TEN
2013-02-23T08:59:10	Chopper	25
2013-02-23T08:59:18	Julabo_1	25.47
2013-02-23T08:59:40	Height	TEN
2013-02-23T08:59:49	Julabo_1	25.53
2013-02-23T09:00:10	Chopper	25
2013-02-23T09:00:10	Height	TEN
2013-02-23T09:00:19	Julabo_1	25.48
2013-02-23T09:00:40	Eurotherm_3	24.9622207735032
2013-02-23T09:00:41	Height	TEN
2013-02-23T09:00:50	Julabo_1	25.42
2013-02-23T09:01:11	Chopper	25
2013-02-23T09:01:11	Height	TEN
2013-02-23T09:01:11	Eurotherm_3	24.8591154520278
2013-02-23T09:01:21	Julabo_1	25.35
2013-02-23T09:01:41	Height	TEN
2013-02-23T09:01:51	Julabo_1	25.42
2013-02-23T09:02:12	Chopper	25
2013-02-23T09:02:12	Height	TEN
2013-02-23T09:02:25	Julabo_1	25.36
2013-02-23T09:02:42	Height	TEN
2013-02-23T09:02:56	Julabo_1	25.45
2013-02-23T09:03:12	Chopper	24.99
2013-02-23T09:03:12	Height	TEN
2013-02-23T09:03:26	Julabo_1	25.36
2013-02-23T09:03:43	Height	TEN
2013-02-23T09:04:09	Julabo_1	25.41
2013-02-23T09:04:13	Chopper	25
2013-02-23T09:04:13	Height	TEN
2013-02-23T09:04:44	Height	TEN
2013-02-23T09:05:07	Julabo_1	25.36
2013-02-23T09:05:14	Chopper	25
2013-02-23T09:05:15	Height	TEN
2013-02-23T09:05:38	Julabo_1	25.48
2013-02-23T09:05:46	Height	TEN
2013-02-23T09:06:08	Julabo_1	25.37
2013-02-23T09:06:14	Chopper	25
2013-02-23T09:06:16	Height	TEN
2013-02-23T09:06:40	Julabo_1	25.42
2013-02-23T09:06:46	Height	TEN
2013-02-23T09:07:14	Chopper	25
2013-02-23T09:07:17	Height	TEN
2013-02-23T09:07:47	Height	TEN
2013-02-23T09:07:57	Julabo_1	25.36
2013-02-23T09:08:15	Chopper	25
2013-02-23T09:08:17	Height	TEN
2013-02-23T09:08:28	Julabo_1	25.49
2013-02-23T09:08:48	Height	TEN
2013-02-23T09:08:59	Julabo_1	25.39
2013-02-23T09:09:16	Chopper	25
2013-02-23T09:09:18	Height	TEN
2013-02-23T09:09:48	Height	TEN
2013-02-23T09:09:57	Julabo_1	25.44
2013-02-23T09:10:17	Chopper	25
2013-02-23T09:10:19	Height	TEN
2013-02-23T09:10:28	Julabo_1	25.36
2013-02-23T09:10:49	Height	TEN
2013-02-23T09:10:58	Julabo_1	25.46
2013-02-23T09:11:18	Chopper	25
2013-02-23T09:11:20	Height	TEN
2013-02-23T09:11:28	Julabo_1	25.36
2013-02-23T09:11:51	Height	TEN
2013-02-23T09:12:16	Julabo_1	25.42
2013-02-23T09:12:18	Chopper	25
2013-02-23T09:12:21	Height	TEN
2013-02-23T09:12:48	Julabo_1	25.36
2013-02-23T09:12:52	Height	TEN
2013-02-23T09:13:18	Julabo_1	25.46
2013-02-23T09:13:19	Chopper	25
2013-02-23T09:13:23	Height	TEN
2013-02-23T09:13:53	Height	TEN
2013-02-23T09:13:53	Julabo_1	25.41
2013-02-23T09:14:19	Chopper	25
2013-02-23T09:14:24	Height	TEN
2013-02-23T09:14:37	Julabo_1	25.36
2013-02-23T09:14:55	Height	TEN
2013-02-23T09:15:17	Julabo_1	25.41
2013-02-23T09:15:20	Chopper	25
2013-02-23T09:15:26	Height	TEN
2013-02-23T09:15:56	Height	TEN
2013-02-23T09:15:59	Julabo_1	25.48
2013-02-23T09:16:20	Chopper	25
2013-02-23T09:16:27	Height	TEN
2013-02-23T09:16:29	Julabo_1	25.31
2013-02-23T09:16:58	Height	TEN
2013-02-23T09:17:00	Julabo_1	25.43
2013-02-23T09:17:20	Chopper	25
2013-02-23T09:17:28	Height	TEN
2013-02-23T09:17:45	Julabo_1	25.38
2013-02-23T09:17:58	Height	TEN
2013-02-23T09:18:21	Chopper	25
2013-02-23T09:18:23	Julabo_1	25.43
2013-02-23T09:18:29	Height	TEN
2013-02-23T09:18:54	Julabo_1	25.38
2013-02-23T09:18:59	Height	TEN
2013-02-23T09:19:02	Eurotherm_3	24.9622207735032
2013-02-23T09:19:22	Chopper	25
2013-02-23T09:19:29	Height	TEN
2013-02-23T09:19:33	Julabo_1	25.43
2013-02-23T09:19:56	Eurotherm_3	24.8591154520278
2013-02-23T09:19:59	Height	TEN
2013-02-23T09:20:03	Julabo_1	25.35
2013-02-23T09:20:22	Chopper	25
2013-02-23T09:20:27	Eurotherm_3	24.9622207735032
2013-02-23T09:20:29	Height	TEN
2013-02-23T09:20:33	Julabo_1	25.45
2013-02-23T09:20:59	Height	TEN
2013-02-23T09:21:04	Julabo_1	25.5
2013-02-23T09:21:22	Chopper	25
2013-02-23T09:21:29	Height	TEN
2013-02-23T09:21:37	Julabo_1	25.43
2013-02-23T09:22:00	Height	TEN
2013-02-23T09:22:07	Julabo_1	25.38
2013-02-23T09:22:23	Chopper	25
2013-02-23T09:22:31	Height	TEN
2013-02-23T09:22:40	Julabo_1	25.44
2013-02-23T09:23:01	Height	TEN
2013-02-23T09:23:10	Julabo_1	25.31
2013-02-23T09:23:23	Chopper	25
2013-02-23T09:23:31	Height	TEN
2013-02-23T09:23:40	Julabo_1	25.42
2013-02-23T09:24:02	Height	TEN
2013-02-23T09:24:10	Julabo_1	25.34
2013-02-23T09:24:23	Chopper	25
2013-02-23T09:24:32	Height	TEN
2013-02-23T09:24:40	Julabo_1	25.48
2013-02-23T09:25:03	Height	TEN
2013-02-23T09:25:11	Julabo_1	25.32
2013-02-23T09:25:23	Chopper	25
2013-02-23T09:25:34	Height	TEN
2013-02-23T09:25:42	Julabo_1	25.39
2013-02-23T09:26:04	Height	TEN
2013-02-23T09:26:23	Chopper	25
2013-02-23T09:26:27	Julabo_1	25.34
2013-02-23T09:26:34	Height	TEN
2013-02-23T09:27:05	Height	TEN
2013-02-23T09:27:08	Julabo_1	25.4
2013-02-23T09:27:24	Chopper	25
2013-02-23T09:27:35	Height	TEN
2013-02-23T09:28:05	Height	TEN
2013-02-23T09:28:24	Chopper	25
2013-02-23T09:28:26	Julabo_1	25.45
2013-02-23T09:28:35	Height	TEN
2013-02-23T09:28:44	Det_Temp	21.0817120622568
2013-02-23T09:29:04	Julabo_1	25.4
2013-02-23T09:29:06	Height	TEN
2013-02-23T09:29:25	Chopper	24.99
2013-02-23T09:29:35	Julabo_1	25.45
2013-02-23T09:29:37	Height	TEN
2013-02-23T09:30:05	Julabo_1	25.36
2013-02-23T09:30:07	Height	TEN
2013-02-23T09:30:25	Chopper	25
2013-02-23T09:30:36	Julabo_1	25.43
2013-02-23T09:30:37	Height	TEN
2013-02-23T09:31:07	Julabo_1	25.25
2013-02-23T09:31:08	Height	TEN
2013-02-23T09:31:25	Chopper	25
2013-02-23T09:31:38	Julabo_1	25.3
2013-02-23T09:31:39	Height	TEN
2013-02-23T09:32:08	Julabo_1	25.36
2013-02-23T09:32:10	Height	TEN
2013-02-23T09:32:26	Chopper	25
2013-02-23T09:32:38	Julabo_1	25.46
2013-02-23T09:32:40	Height	TEN
2013-02-23T09:33:08	Julabo_1	25.41
2013-02-23T09:33:10	Height	TEN
2013-02-23T09:33:25	Eurotherm_3	24.8591154520278
2013-02-23T09:33:26	Chopper	25
2013-02-23T09:33:40	Height	TEN
2013-02-23T09:33:45	Julabo_1	25.46
2013-02-23T09:33:56	Eurotherm_3	24.9622207735032
2013-02-23T09:34:11	Height	TEN
2013-02-23T09:34:16	Julabo_1	25.39
2013-02-23T09:34:27	Chopper	25
2013-02-23T09:34:34	Eurotherm_3	24.8591154520278
2013-02-23T09:34:41	Height	TEN
2013-02-23T09:34:46	Julabo_1	25.44
2013-02-23T09:35:04	Eurotherm_3	24.9622207735032
2013-02-23T09:35:11	Height	TEN
2013-02-23T09:35:17	Julabo_1	25.5
2013-02-23T09:35:28	Chopper	24.99
2013-02-23T09:35:42	Height	TEN
2013-02-23T09:35:48	Julabo_1	25.41
2013-02-23T09:36:12	Height	TEN
2013-02-23T09:36:28	Chopper	25
2013-02-23T09:36:29	Julabo_1	25.36
2013-02-23T09:36:42	Height	TEN
2013-02-23T09:37:00	Julabo_1	25.5
2013-02-23T09:37:12	Height	TEN
2013-02-23T09:37:28	Chopper	25
2013-02-23T09:37:30	Julabo_1	25.38
2013-02-23T09:37:43	Height	TEN
2013-02-23T09:38:11	Julabo_1	25.33
2013-02-23T09:38:13	Height	TEN
2013-02-23T09:38:29	Chopper	25
2013-02-23T09:38:41	Julabo_1	25.41
2013-02-23T09:38:43	Height	TEN
2013-02-23T09:39:13	Height	TEN
2013-02-23T09:39:17	Julabo_1	25.47
2013-02-23T09:39:29	Chopper	25
2013-02-23T09:39:43	Height	TEN
2013-02-23T09:39:48	Julabo_1	25.36
2013-02-23T09:40:14	Height	TEN
2013-02-23T09:40:27	Julabo_1	25.41
2013-02-23T09:40:30	Chopper	25
2013-02-23T09:40:45	Height	TEN
2013-02-23T09:40:57	Julabo_1	25.33
2013-02-23T09:41:15	Height	TEN
2013-02-23T09:41:28	Julabo_1	25.41
2013-02-23T09:41:30	Chopper	25
2013-02-23T09:41:45	Height	TEN
2013-02-23T09:42:11	Julabo_1	25.36
2013-02-23T09:42:15	Height	TEN
2013-02-23T09:42:31	Chopper	25
2013-02-23T09:42:41	Julabo_1	25.43
2013-02-23T09:42:46	Height	TEN
2013-02-23T09:43:12	Julabo_1	25.5
2013-02-23T09:43:17	Height	TEN
2013-02-23T09:43:31	Chopper	25
2013-02-23T09:43:42	Julabo_1	25.35
2013-02-23T09:43:47	Height	TEN
2013-02-23T09:44:12	Julabo_1	25.45
2013-02-23T09:44:18	Height	TEN
2013-02-23T09:44:32	Chopper	25
2013-02-23T09:44:43	Julabo_1	25.39
2013-02-23T09:44:48	Height	TEN
2013-02-23T09:45:13	Julabo_1	25.32
2013-02-23T09:45:18	Height	TEN
2013-02-23T09:45:32	Chopper	25
2013-02-23T09:45:43	Julabo_1	25.38
2013-02-23T09:45:49	Height	TEN
2013-02-23T09:46:14	Julabo_1	25.33
2013-02-23T09:46:19	Height	TEN
2013-02-23T09:46:23	Eurotherm_3	24.8591154520278
2013-02-23T09:46:33	Chopper	25
2013-02-23T09:46:45	Julabo_1	25.26
2013-02-23T09:46:50	Height	TEN
2013-02-23T09:47:16	Julabo_1	25.38
2013-02-23T09:47:20	Height	TEN
2013-02-23T09:47:34	Chopper	25
2013-02-23T09:47:47	Julabo_1	25.49
2013-02-23T09:47:51	Height	TEN
2013-02-23T09:48:18	Julabo_1	25.43
2013-02-23T09:48:21	Height	TEN
2013-02-23T09:48:34	Chopper	25
2013-02-23T09:48:45	Det_Temp	20.9571984435798
2013-02-23T09:48:51	Height	TEN
2013-02-23T09:48:51	Julabo_1	25.37
2013-02-23T09:49:22	Height	TEN
2013-02-23T09:49:23	Julabo_1	25.31
2013-02-23T09:49:35	Chopper	25
2013-02-23T09:49:52	Height	TEN
2013-02-23T09:49:52	Eurotherm_3	24.9622207735032
2013-02-23T09:50:01	Julabo_1	25.36
2013-02-23T09:50:22	Height	TEN
2013-02-23T09:50:26	Eurotherm_3	24.8591154520278
2013-02-23T09:50:31	Julabo_1	25.46
2013-02-23T09:50:35	Chopper	24.99
2013-02-23T09:50:53	Height	TEN
2013-02-23T09:50:56	Eurotherm_3	24.9622207735032
2013-02-23T09:51:02	Julabo_1	25.51
2013-02-23T09:51:23	Height	TEN
2013-02-23T09:51:32	Julabo_1	25.41
2013-02-23T09:51:35	Chopper	25
2013-02-23T09:51:54	Height	TEN
2013-02-23T09:52:02	Julabo_1	25.47
2013-02-23T09:52:25	Height	TEN
2013-02-23T09:52:35	Chopper	25
2013-02-23T09:52:38	Julabo_1	25.41
2013-02-23T09:52:56	Height	TEN
2013-02-23T09:53:18	Julabo_1	25.36
2013-02-23T09:53:26	Height	TEN
2013-02-23T09:53:35	Chopper	25
2013-02-23T09:53:50	Eurotherm_3	24.8591154520278
2013-02-23T09:53:57	Height	TEN
2013-02-23T09:53:58	Julabo_1	25.42
2013-02-23T09:54:23	Eurotherm_3	24.9622207735032
2013-02-23T09:54:28	Height	TEN
2013-02-23T09:54:36	Chopper	25
2013-02-23T09:54:50	Julabo_1	25.36
2013-02-23T09:54:53	Eurotherm_3	24.8591154520278
2013-02-23T09:54:58	Height	TEN
2013-02-23T09:55:20	Julabo_1	25.41
2013-02-23T09:55:28	Height	TEN
2013-02-23T09:55:36	Chopper	25
2013-02-23T09:55:57	Julabo_1	25.47
2013-02-23T09:55:58	Height	TEN
2013-02-23T09:56:18	Eurotherm_3	24.9622207735032
2013-02-23T09:56:28	Julabo_1	25.41
2013-02-23T09:56:29	Height	TEN
2013-02-23T09:56:37	Chopper	25
2013-02-23T09:56:52	Eurotherm_3	24.8591154520278
2013-02-23T09:56:58	Julabo_1	25.35
2013-02-23T09:56:59	Height	TEN
2013-02-23T09:57:22	Eurotherm_3	24.9622207735032
2013-02-23T09:57:29	Julabo_1	25.42
2013-02-23T09:57:30	Height	TEN
2013-02-23T09:57:37	Chopper	25
2013-02-23T09:57:59	Julabo_1	25.5
2013-02-23T09:58:00	Height	TEN
2013-02-23T09:58:08	Eurotherm_3	24.8591154520278
2013-02-23T09:58:31	Height	TEN
2013-02-23T09:58:32	Julabo_1	25.45
2013-02-23T09:58:37	Chopper	24.99
2013-02-23T09:58:43	Eurotherm_3	24.9622207735032
2013-02-23T09:59:01	Height	TEN
2013-02-23T09:59:05	Julabo_1	25.4
2013-02-23T09:59:14	Eurotherm_3	24.8591154520278
2013-02-23T09:59:32	Height	TEN
2013-02-23T09:59:35	Julabo_1	25.34
2013-02-23T09:59:38	Chopper	25
2013-02-23T10:00:02	Height	TEN
2013-02-23T10:00:06	Julabo_1	25.4
2013-02-23T10:00:33	Height	TEN
2013-02-23T10:00:36	Julabo_1	25.51
2013-02-23T10:00:38	Chopper	25
2013-02-23T10:01:03	Height	TEN
2013-02-23T10:01:07	Julabo_1	25.42
2013-02-23T10:01:34	Height	TEN
2013-02-23T10:01:39	Chopper	25
2013-02-23T10:01:40	Julabo_1	25.36
2013-02-23T10:02:04	Height	TEN
2013-02-23T10:02:11	Julabo_1	25.42
2013-02-23T10:02:31	Eurotherm_3	24.9622207735032
2013-02-23T10:02:35	Height	TEN
2013-02-23T10:02:40	Chopper	25
2013-02-23T10:02:41	Julabo_1	25.33
2013-02-23T10:03:02	Eurotherm_3	24.8591154520278
2013-02-23T10:03:05	Height	TEN
2013-02-23T10:03:11	Julabo_1	25.45
2013-02-23T10:03:32	Eurotherm_3	24.9622207735032
2013-02-23T10:03:36	Height	TEN
2013-02-23T10:03:40	Chopper	25
2013-02-23T10:03:41	Julabo_1	25.36
2013-02-23T10:04:06	Height	TEN
2013-02-23T10:04:20	Julabo_1	25.43
2013-02-23T10:04:36	Height	TEN
2013-02-23T10:04:41	Chopper	25
2013-02-23T10:04:51	Julabo_1	25.36
2013-02-23T10:05:07	Height	TEN
2013-02-23T10:05:33	Julabo_1	25.42
2013-02-23T10:05:37	Height	TEN
2013-02-23T10:05:41	Chopper	25
2013-02-23T10:06:04	Julabo_1	25.48
2013-02-23T10:06:08	Height	TEN
2013-02-23T10:06:36	Eurotherm_3	24.8591154520278
2013-02-23T10:06:38	Height	TEN
2013-02-23T10:06:40	Julabo_1	25.43
2013-02-23T10:06:42	Chopper	25
2013-02-23T10:07:07	Eurotherm_3	24.9622207735032
2013-02-23T10:07:08	Height	TEN
2013-02-23T10:07:10	Julabo_1	25.37
2013-02-23T10:07:39	Height	TEN
2013-02-23T10:07:42	Chopper	25
2013-02-23T10:07:44	Eurotherm_3	24.8591154520278
2013-02-23T10:07:50	Julabo_1	25.29
2013-02-23T10:08:09	Height	TEN
2013-02-23T10:08:14	Eurotherm_3	24.9622207735032
2013-02-23T10:08:20	Julabo_1	25.38
2013-02-23T10:08:40	Height	TEN
2013-02-23T10:08:42	Chopper	25
2013-02-23T10:08:45	Eurotherm_3	24.8591154520278
2013-02-23T10:09:11	Height	TEN
2013-02-23T10:09:11	Julabo_1	25.43
2013-02-23T10:09:19	Eurotherm_3	24.9622207735032
2013-02-23T10:09:41	Height	TEN
2013-02-23T10:09:41	Julabo_1	25.38
2013-02-23T10:09:43	Chopper	25
2013-02-23T10:09:49	Eurotherm_3	24.8591154520278
2013-02-23T10:10:11	Height	TEN
2013-02-23T10:10:14	Julabo_1	25.43
2013-02-23T10:10:41	Height	TEN
2013-02-23T10:10:43	Chopper	25
2013-02-23T10:10:50	Julabo_1	25.37
2013-02-23T10:11:10	Eurotherm_3	24.9622207735032
2013-02-23T10:11:12	Height	TEN
2013-02-23T10:11:22	Julabo_1	25.32
2013-02-23T10:11:41	Eurotherm_3	24.8591154520278
2013-02-23T10:11:43	Height	TEN
2013-02-23T10:11:44	Chopper	25
2013-02-23T10:11:53	Julabo_1	25.45
2013-02-23T10:12:13	Height	TEN
2013-02-23T10:12:20	Eurotherm_3	24.9622207735032
2013-02-23T10:12:29	Julabo_1	25.39
2013-02-23T10:12:43	Height	TEN
2013-02-23T10:12:44	Chopper	25
2013-02-23T10:12:56	Eurotherm_3	24.8591154520278
2013-02-23T10:13:12	Julabo_1	25.33
2013-02-23T10:13:13	Height	TEN
2013-02-23T10:13:26	Eurotherm_3	24.9622207735032
2013-02-23T10:13:44	Height	TEN
2013-02-23T10:13:45	Chopper	25
2013-02-23T10:13:49	Julabo_1	25.39
2013-02-23T10:14:00	Det_Temp	20.8326848249027
2013-02-23T10:14:00	Eurotherm_3	24.8591154520278
2013-02-23T10:14:14	Height	TEN
2013-02-23T10:14:28	Julabo_1	25.44
2013-02-23T10:14:30	Eurotherm_3	24.9622207735032
2013-02-23T10:14:44	Height	TEN
2013-02-23T10:14:45	Chopper	25
2013-02-23T10:14:59	Julabo_1	25.38
2013-02-23T10:15:14	Height	TEN
2013-02-23T10:15:23	Eurotherm_3	24.8591154520278
2013-02-23T10:15:29	Julabo_1	25.3
2013-02-23T10:15:45	Chopper	25
2013-02-23T10:15:45	Height	TEN
2013-02-23T10:15:53	Eurotherm_3	24.9622207735032
2013-02-23T10:15:59	Julabo_1	25.37
2013-02-23T10:16:15	Height	TEN
2013-02-23T10:16:26	Eurotherm_3	24.8591154520278
2013-02-23T10:16:43	Julabo_1	25.42
2013-02-23T10:16:45	Chopper	25
2013-02-23T10:16:45	Height	TEN
2013-02-23T10:17:15	Height	TEN
2013-02-23T10:17:27	Julabo_1	25.37
2013-02-23T10:17:45	Chopper	25
2013-02-23T10:17:45	Height	TEN
2013-02-23T10:18:06	Julabo_1	25.42
2013-02-23T10:18:15	Height	TEN
2013-02-23T10:18:45	Chopper	25
2013-02-23T10:18:45	Height	TEN
2013-02-23T10:18:52	Julabo_1	25.48
2013-02-23T10:19:15	Height	TEN
2013-02-23T10:19:24	Julabo_1	25.43
2013-02-23T10:19:45	Chopper	25
2013-02-23T10:19:45	Height	TEN
2013-02-23T10:19:54	Julabo_1	25.34
2013-02-23T10:20:15	Height	TEN
2013-02-23T10:20:24	Julabo_1	25.46
2013-02-23T10:20:45	Chopper	24.99
2013-02-23T10:20:45	Height	TEN
2013-02-23T10:20:54	Julabo_1	25.35
2013-02-23T10:21:16	Height	TEN
2013-02-23T10:21:24	Julabo_1	25.29
2013-02-23T10:21:46	Chopper	25
2013-02-23T10:21:46	Height	TEN
2013-02-23T10:21:55	Julabo_1	25.37
2013-02-23T10:22:17	Height	TEN
2013-02-23T10:22:27	Julabo_1	25.3
2013-02-23T10:22:47	Chopper	25
2013-02-23T10:22:47	Height	TEN
2013-02-23T10:22:57	Julabo_1	25.41
2013-02-23T10:23:18	Height	TEN
2013-02-23T10:23:29	Julabo_1	25.36
2013-02-23T10:23:47	Chopper	25
2013-02-23T10:23:49	Height	TEN
2013-02-23T10:23:59	Julabo_1	25.42
2013-02-23T10:24:19	Height	TEN
2013-02-23T10:24:43	Julabo_1	25.37
2013-02-23T10:24:47	Chopper	25
2013-02-23T10:24:49	Height	TEN
2013-02-23T10:25:19	Height	TEN
2013-02-23T10:25:21	Julabo_1	25.43
2013-02-23T10:25:47	Chopper	25
2013-02-23T10:25:49	Height	TEN
2013-02-23T10:25:52	Julabo_1	25.29
2013-02-23T10:26:19	Height	TEN
2013-02-23T10:26:22	Julabo_1	25.34
2013-02-23T10:26:47	Chopper	25
2013-02-23T10:26:49	Height	TEN
2013-02-23T10:27:00	Julabo_1	25.39
2013-02-23T10:27:19	Height	TEN
2013-02-23T10:27:30	Julabo_1	25.45
2013-02-23T10:27:47	Chopper	25
2013-02-23T10:27:49	Height	TEN
2013-02-23T10:28:00	Julabo_1	25.35
2013-02-23T10:28:19	Height	TEN
2013-02-23T10:28:44	Julabo_1	25.43
2013-02-23T10:28:47	Chopper	25
2013-02-23T10:28:49	Height	TEN
2013-02-23T10:29:19	Height	TEN
2013-02-23T10:29:26	Julabo_1	25.37
2013-02-23T10:29:47	Chopper	25
2013-02-23T10:29:49	Height	TEN
2013-02-23T10:30:01	Julabo_1	25.44
2013-02-23T10:30:19	Height	TEN
2013-02-23T10:30:31	Julabo_1	25.34
2013-02-23T10:30:47	Chopper	24.99
2013-02-23T10:30:49	Height	TEN
2013-02-23T10:31:01	Julabo_1	25.43
2013-02-23T10:31:19	Height	TEN
2013-02-23T10:31:41	Julabo_1	25.38
2013-02-23T10:31:47	Chopper	25
2013-02-23T10:31:49	Height	TEN
2013-02-23T10:32:14	Julabo_1	25.33
2013-02-23T10:32:19	Height	TEN
2013-02-23T10:32:44	Julabo_1	25.38
2013-02-23T10:32:47	Chopper	25
2013-02-23T10:32:49	Height	TEN
2013-02-23T10:33:15	Julabo_1	25.43
2013-02-23T10:33:19	Height	TEN
2013-02-23T10:33:47	Chopper	25
2013-02-23T10:33:49	Height	TEN
2013-02-23T10:33:56	Julabo_1	25.38
2013-02-23T10:34:19	Height	TEN
2013-02-23T10:34:28	Det_Temp	20.9571984435798
2013-02-23T10:34:30	Julabo_1	25.33
2013-02-23T10:34:47	Chopper	24.99
2013-02-23T10:34:49	Height	TEN
2013-02-23T10:35:01	Julabo_1	25.48
2013-02-23T10:35:20	Height	TEN
2013-02-23T10:35:33	Julabo_1	25.54
2013-02-23T10:35:48	Chopper	25
2013-02-23T10:35:50	Height	TEN
2013-02-23T10:36:03	Julabo_1	25.41
2013-02-23T10:36:20	Height	TEN
2013-02-23T10:36:37	Julabo_1	25.36
2013-02-23T10:36:48	Chopper	25
2013-02-23T10:36:50	Height	TEN
2013-02-23T10:37:07	Julabo_1	25.3
2013-02-23T10:37:21	Height	TEN
2013-02-23T10:37:46	Julabo_1	25.37
2013-02-23T10:37:49	Chopper	25
2013-02-23T10:37:52	Height	TEN
2013-02-23T10:38:19	Julabo_1	25.32
2013-02-23T10:38:22	Height	TEN
2013-02-23T10:38:49	Chopper	25
2013-02-23T10:38:52	Height	TEN
2013-02-23T10:38:52	Julabo_1	25.39
2013-02-23T10:39:22	Height	TEN
2013-02-23T10:39:22	Julabo_1	25.54
2013-02-23T10:39:49	Chopper	25
2013-02-23T10:39:52	Height	TEN
2013-02-23T10:39:52	Julabo_1	25.4
2013-02-23T10:40:22	Height	TEN
2013-02-23T10:40:22	Julabo_1	25.49
2013-02-23T10:40:49	Chopper	25
2013-02-23T10:40:52	Height	TEN
2013-02-23T10:40:52	Julabo_1	25.33
2013-02-23T10:41:23	Height	TEN
2013-02-23T10:41:24	Julabo_1	25.38
2013-02-23T10:41:49	Chopper	25
2013-02-23T10:41:53	Height	TEN
2013-02-23T10:41:56	Julabo_1	25.33
2013-02-23T10:42:24	Height	TEN
2013-02-23T10:42:31	Julabo_1	25.38
2013-02-23T10:42:50	Chopper	25
2013-02-23T10:42:54	Height	TEN
2013-02-23T10:43:01	Julabo_1	25.47
2013-02-23T10:43:24	Height	TEN
2013-02-23T10:43:31	Julabo_1	25.41
2013-02-23T10:43:50	Chopper	25
2013-02-23T10:43:54	Height	TEN
2013-02-23T10:44:01	Julabo_1	25.27
2013-02-23T10:44:24	Height	TEN
2013-02-23T10:44:31	Julabo_1	25.5
2013-02-23T10:44:50	Chopper	25
2013-02-23T10:44:54	Height	TEN
2013-02-23T10:45:01	Julabo_1	25.44
2013-02-23T10:45:24	Height	TEN
2013-02-23T10:45:51	Chopper	25
2013-02-23T10:45:55	Height	TEN
2013-02-23T10:46:02	Julabo_1	25.39
2013-02-23T10:46:25	Height	TEN
2013-02-23T10:46:33	Julabo_1	25.44
2013-02-23T10:46:52	Chopper	25
2013-02-23T10:46:56	Height	TEN
2013-02-23T10:47:04	Julabo_1	25.35
2013-02-23T10:47:26	Height	TEN
2013-02-23T10:47:52	Chopper	25
2013-02-23T10:47:53	Julabo_1	25.41
2013-02-23T10:47:56	Height	TEN
2013-02-23T10:48:27	Height	TEN
2013-02-23T10:48:53	Chopper	25
2013-02-23T10:48:53	Julabo_1	25.35
2013-02-23T10:48:57	Height	TEN
2013-02-23T10:49:23	Julabo_1	25.43
2013-02-23T10:49:28	Height	TEN
2013-02-23T10:49:53	Chopper	25
2013-02-23T10:49:54	Julabo_1	25.53
2013-02-23T10:49:58	Height	TEN
2013-02-23T10:50:24	Julabo_1	25.43
2013-02-23T10:50:28	Height	TEN
2013-02-23T10:50:53	Chopper	25
2013-02-23T10:50:55	Julabo_1	25.52
2013-02-23T10:50:59	Height	TEN
2013-02-23T10:51:25	Julabo_1	25.39
2013-02-23T10:51:29	Height	TEN
2013-02-23T10:51:53	Chopper	25
2013-02-23T10:51:55	Julabo_1	25.46
2013-02-23T10:51:59	Height	TEN
2013-02-23T10:52:26	Julabo_1	25.34
2013-02-23T10:52:29	Height	TEN
2013-02-23T10:52:53	Chopper	25
2013-02-23T10:52:59	Height	TEN
2013-02-23T10:53:03	Julabo_1	25.39
2013-02-23T10:53:30	Height	TEN
2013-02-23T10:53:34	Julabo_1	25.49
2013-02-23T10:53:53	Chopper	25
2013-02-23T10:54:01	Height	TEN
2013-02-23T10:54:04	Julabo_1	25.4
2013-02-23T10:54:30	Det_Temp	20.8326848249027
2013-02-23T10:54:31	Height	TEN
2013-02-23T10:54:53	Chopper	25
2013-02-23T10:54:53	Julabo_1	25.46
2013-02-23T10:55:02	Height	TEN
2013-02-23T10:55:24	Julabo_1	25.33
2013-02-23T10:55:32	Height	TEN
2013-02-23T10:55:53	Chopper	25
2013-02-23T10:55:54	Julabo_1	25.41
2013-02-23T10:56:03	Height	TEN
2013-02-23T10:56:33	Height	TEN
2013-02-23T10:56:33	Julabo_1	25.47
2013-02-23T10:56:53	Chopper	25
2013-02-23T10:57:03	Height	TEN
2013-02-23T10:57:03	Julabo_1	25.37
2013-02-23T10:57:34	Height	TEN
2013-02-23T10:57:54	Chopper	25
2013-02-23T10:57:59	Julabo_1	25.42
2013-02-23T10:58:04	Height	TEN
2013-02-23T10:58:34	Height	TEN
2013-02-23T10:58:38	Julabo_1	25.37
2013-02-23T10:58:54	Chopper	25
2013-02-23T10:59:04	Height	TEN
2013-02-23T10:59:06	Eurotherm_3	24.9622207735032
2013-02-23T10:59:09	Julabo_1	25.43
2013-02-23T10:59:34	Height	TEN
2013-02-23T10:59:36	Eurotherm_3	24.8591154520278
2013-02-23T10:59:39	Julabo_1	25.34
2013-02-23T10:59:54	Chopper	24.99
2013-02-23T11:00:04	Height	TEN
2013-02-23T11:00:06	Eurotherm_3	24.9622207735032
2013-02-23T11:00:09	Julabo_1	25.4
2013-02-23T11:00:35	Height	TEN
2013-02-23T11:00:40	Julabo_1	25.34
2013-02-23T11:00:54	Chopper	25
2013-02-23T11:01:05	Height	TEN
2013-02-23T11:01:10	Julabo_1	25.43
2013-02-23T11:01:35	Height	TEN
2013-02-23T11:01:44	Julabo_1	25.38
2013-02-23T11:01:54	Chopper	25
2013-02-23T11:02:05	Height	TEN
2013-02-23T11:02:34	Julabo_1	25.43
2013-02-23T11:02:36	Height	TEN
2013-02-23T11:02:54	Chopper	25
2013-02-23T11:03:07	Height	TEN
2013-02-23T11:03:28	Julabo_1	25.49
2013-02-23T11:03:37	Height	TEN
2013-02-23T11:03:54	Chopper	25
2013-02-23T11:03:58	Julabo_1	25.32
2013-02-23T11:04:07	Height	TEN
2013-02-23T11:04:29	Julabo_1	25.42
2013-02-23T11:04:37	Height	TEN
2013-02-23T11:04:54	Chopper	25
2013-02-23T11:05:00	Julabo_1	25.37
2013-02-23T11:05:07	Height	TEN
2013-02-23T11:05:37	Height	TEN
2013-02-23T11:05:38	Julabo_1	25.32
2013-02-23T11:05:55	Chopper	25
2013-02-23T11:06:08	Height	TEN
2013-02-23T11:06:08	Julabo_1	25.51
2013-02-23T11:06:39	Height	TEN
2013-02-23T11:06:39	Julabo_1	25.34
2013-02-23T11:06:55	Chopper	25
2013-02-23T11:07:10	Height	TEN
2013-02-23T11:07:10	Julabo_1	25.39
2013-02-23T11:07:40	Height	TEN
2013-02-23T11:07:50	Julabo_1	25.34
2013-02-23T11:07:55	Chopper	25
2013-02-23T11:08:11	Height	TEN
2013-02-23T11:08:24	Julabo_1	25.4
2013-02-23T11:08:42	Height	TEN
2013-02-23T11:08:54	Julabo_1	25.54
2013-02-23T11:08:55	Chopper	25
2013-02-23T11:09:13	Height	TEN
2013-02-23T11:09:25	Julabo_1	25.37
2013-02-23T11:09:43	Height	TEN
2013-02-23T11:09:56	Chopper	25
2013-02-23T11:10:03	Julabo_1	25.45
2013-02-23T11:10:13	Height	TEN
2013-02-23T11:10:34	Julabo_1	25.31
2013-02-23T11:10:43	Height	TEN
2013-02-23T11:10:57	Chopper	25
2013-02-23T11:11:05	Julabo_1	25.38
2013-02-23T11:11:13	Height	TEN
2013-02-23T11:11:36	Julabo_1	25.28
2013-02-23T11:11:44	Height	TEN
2013-02-23T11:11:57	Chopper	25
2013-02-23T11:12:06	Julabo_1	25.36
2013-02-23T11:12:14	Height	TEN
2013-02-23T11:12:37	Julabo_1	25.42
2013-02-23T11:12:45	Height	TEN
2013-02-23T11:12:57	Chopper	25
2013-02-23T11:13:10	Julabo_1	25.5
2013-02-23T11:13:16	Height	TEN
2013-02-23T11:13:40	Julabo_1	25.44
2013-02-23T11:13:47	Height	TEN
2013-02-23T11:13:57	Chopper	25
2013-02-23T11:14:11	Julabo_1	25.31
2013-02-23T11:14:17	Height	TEN
2013-02-23T11:14:42	Julabo_1	25.38
2013-02-23T11:14:47	Height	TEN
2013-02-23T11:14:58	Chopper	25
2013-02-23T11:15:04	Det_Temp	20.9571984435798
2013-02-23T11:15:12	Julabo_1	25.47
2013-02-23T11:15:17	Height	TEN
2013-02-23T11:15:43	Julabo_1	25.31
2013-02-23T11:15:47	Height	TEN
2013-02-23T11:15:59	Chopper	25
2013-02-23T11:16:14	Julabo_1	25.44
2013-02-23T11:16:18	Height	TEN
2013-02-23T11:16:49	Height	TEN
2013-02-23T11:16:57	Julabo_1	25.39
2013-02-23T11:16:59	Chopper	25
2013-02-23T11:17:19	Height	TEN
2013-02-23T11:17:33	Julabo_1	25.44
2013-02-23T11:17:49	Height	TEN
2013-02-23T11:18:00	Chopper	25
2013-02-23T11:18:07	Julabo_1	25.5
2013-02-23T11:18:20	Height	TEN
2013-02-23T11:18:37	Julabo_1	25.33
2013-02-23T11:18:50	Height	TEN
2013-02-23T11:19:00	Chopper	25
2013-02-23T11:19:07	Julabo_1	25.48
2013-02-23T11:19:21	Height	TEN
2013-02-23T11:19:37	Julabo_1	25.38
2013-02-23T11:19:51	Height	TEN
2013-02-23T11:20:01	Chopper	25
2013-02-23T11:20:11	Julabo_1	25.44
2013-02-23T11:20:21	Height	TEN
2013-02-23T11:20:41	Julabo_1	25.39
2013-02-23T11:20:52	Height	TEN
2013-02-23T11:21:02	Chopper	25
2013-02-23T11:21:23	Height	TEN
2013-02-23T11:21:40	Julabo_1	25.44
2013-02-23T11:21:53	Height	TEN
2013-02-23T11:22:02	Chopper	25
2013-02-23T11:22:10	Julabo_1	25.5
2013-02-23T11:22:23	Height	TEN
2013-02-23T11:22:40	Julabo_1	25.4
2013-02-23T11:22:53	Height	TEN
2013-02-23T11:23:02	Chopper	25
2013-02-23T11:23:13	Julabo_1	25.46
2013-02-23T11:23:23	Height	TEN
2013-02-23T11:23:43	Julabo_1	25.35
2013-02-23T11:23:53	Height	TEN
2013-02-23T11:24:04	Chopper	25
2013-02-23T11:24:17	Julabo_1	25.41
2013-02-23T11:24:23	Height	TEN
2013-02-23T11:24:53	Height	TEN
2013-02-23T11:24:54	Julabo_1	25.36
2013-02-23T11:25:04	Chopper	25
2013-02-23T11:25:23	Height	TEN
2013-02-23T11:25:25	Julabo_1	25.41
2013-02-23T11:25:54	Height	TEN
2013-02-23T11:26:04	Chopper	25
2013-02-23T11:26:08	Julabo_1	25.46
2013-02-23T11:26:24	Height	TEN
2013-02-23T11:26:40	Julabo_1	25.53
2013-02-23T11:26:54	Height	TEN
2013-02-23T11:27:04	Chopper	25
2013-02-23T11:27:11	Julabo_1	25.29
2013-02-23T11:27:25	Height	TEN
2013-02-23T11:27:41	Julabo_1	25.45
2013-02-23T11:27:56	Height	TEN
2013-02-23T11:28:05	Chopper	25
2013-02-23T11:28:12	Julabo_1	25.39
2013-02-23T11:28:26	Height	TEN
2013-02-23T11:28:57	Height	TEN
2013-02-23T11:29:05	Chopper	25.01
2013-02-23T11:29:16	Julabo_1	25.45
2013-02-23T11:29:27	Height	TEN
2013-02-23T11:29:47	Julabo_1	25.32
2013-02-23T11:29:58	Height	TEN
2013-02-23T11:30:05	Chopper	24.99
2013-02-23T11:30:19	Julabo_1	25.37
2013-02-23T11:30:29	Height	TEN
2013-02-23T11:30:59	Height	TEN
2013-02-23T11:31:06	Chopper	25
2013-02-23T11:31:15	Julabo_1	25.43
2013-02-23T11:31:30	Height	TEN
2013-02-23T11:31:45	Julabo_1	25.32
2013-02-23T11:32:01	Height	TEN
2013-02-23T11:32:06	Chopper	25
2013-02-23T11:32:16	Julabo_1	25.45
2013-02-23T11:32:32	Height	TEN
2013-02-23T11:32:59	Julabo_1	25.4
2013-02-23T11:33:02	Height	TEN
2013-02-23T11:33:06	Chopper	25
2013-02-23T11:33:32	Height	TEN
2013-02-23T11:34:03	Height	TEN
2013-02-23T11:34:07	Chopper	25
2013-02-23T11:34:30	Julabo_1	25.5
2013-02-23T11:34:33	Height	TEN
2013-02-23T11:35:00	Julabo_1	25.43
2013-02-23T11:35:04	Height	TEN
2013-02-23T11:35:07	Chopper	25
2013-02-23T11:35:30	Julabo_1	25.3
2013-02-23T11:35:34	Height	TEN
2013-02-23T11:36:04	Height	TEN
2013-02-23T11:36:07	Chopper	25
2013-02-23T11:36:10	Det_Temp	20.8326848249027
2013-02-23T11:36:16	Julabo_1	25.35
2013-02-23T11:36:35	Height	TEN
2013-02-23T11:36:50	Julabo_1	25.42
2013-02-23T11:37:05	Height	TEN
2013-02-23T11:37:07	Chopper	25
2013-02-23T11:37:30	Julabo_1	25.37
2013-02-23T11:37:36	Height	TEN
2013-02-23T11:38:07	Chopper	25
2013-02-23T11:38:07	Height	TEN
2013-02-23T11:38:15	Julabo_1	25.42
2013-02-23T11:38:38	Height	TEN
2013-02-23T11:38:50	Julabo_1	25.48
2013-02-23T11:39:08	Chopper	25
2013-02-23T11:39:09	Height	TEN
2013-02-23T11:39:25	Julabo_1	25.43
2013-02-23T11:39:39	Height	TEN
2013-02-23T11:39:55	Julabo_1	25.35
2013-02-23T11:40:08	Chopper	25
2013-02-23T11:40:10	Height	TEN
2013-02-23T11:40:34	Julabo_1	25.3
2013-02-23T11:40:41	Height	TEN
2013-02-23T11:41:04	Julabo_1	25.36
2013-02-23T11:41:08	Chopper	25
2013-02-23T11:41:11	Height	TEN
2013-02-23T11:41:34	Julabo_1	25.43
2013-02-23T11:41:42	Height	TEN
2013-02-23T11:42:08	Chopper	25
2013-02-23T11:42:12	Height	TEN
2013-02-23T11:42:13	Julabo_1	25.48
2013-02-23T11:42:43	Height	TEN
2013-02-23T11:42:44	Julabo_1	25.31
2013-02-23T11:43:08	Chopper	25
2013-02-23T11:43:13	Height	TEN
2013-02-23T11:43:15	Julabo_1	25.43
2013-02-23T11:43:44	Height	TEN
2013-02-23T11:43:46	Julabo_1	25.36
2013-02-23T11:44:09	Chopper	25
2013-02-23T11:44:15	Height	TEN
2013-02-23T11:44:16	Julabo_1	25.44
2013-02-23T11:44:46	Height	TEN
2013-02-23T11:44:47	Julabo_1	25.37
2013-02-23T11:45:10	Chopper	25
2013-02-23T11:45:16	Height	TEN
2013-02-23T11:45:26	Julabo_1	25.42
2013-02-23T11:45:47	Height	TEN
2013-02-23T11:46:10	Chopper	25
2013-02-23T11:46:17	Height	TEN
2013-02-23T11:46:21	Julabo_1	25.37
2013-02-23T11:46:47	Height	TEN
2013-02-23T11:47:11	Chopper	25
2013-02-23T11:47:11	Julabo_1	25.42
2013-02-23T11:47:18	Height	TEN
2013-02-23T11:47:42	Julabo_1	25.31
2013-02-23T11:47:48	Height	TEN
2013-02-23T11:48:12	Chopper	25
2013-02-23T11:48:12	Julabo_1	25.39
2013-02-23T11:48:19	Height	TEN
2013-02-23T11:48:49	Height	TEN
2013-02-23T11:48:51	Julabo_1	25.45
2013-02-23T11:49:13	Chopper	25
2013-02-23T11:49:20	Height	TEN
2013-02-23T11:49:22	Julabo_1	25.39
2013-02-23T11:49:50	Height	TEN
2013-02-23T11:49:53	Julabo_1	25.44
2013-02-23T11:50:13	Chopper	25
2013-02-23T11:50:20	Height	TEN
2013-02-23T11:50:24	Julabo_1	25.39
2013-02-23T11:50:51	Height	TEN
2013-02-23T11:51:12	Julabo_1	25.34
2013-02-23T11:51:13	Chopper	25
2013-02-23T11:51:21	Height	TEN
2013-02-23T11:51:42	Julabo_1	25.39
2013-02-23T11:51:51	Height	TEN
2013-02-23T11:52:14	Chopper	25
2013-02-23T11:52:18	Julabo_1	25.34
2013-02-23T11:52:22	Height	TEN
2013-02-23T11:52:53	Height	TEN
2013-02-23T11:53:11	Julabo_1	25.39
2013-02-23T11:53:15	Chopper	25
2013-02-23T11:53:23	Height	TEN
2013-02-23T11:53:51	Julabo_1	25.44
2013-02-23T11:53:53	Height	TEN
2013-02-23T11:54:15	Chopper	25
2013-02-23T11:54:22	Julabo_1	25.38
2013-02-23T11:54:23	Height	TEN
2013-02-23T11:54:52	Julabo_1	25.46
2013-02-23T11:54:53	Height	TEN
2013-02-23T11:55:15	Chopper	25
2013-02-23T11:55:23	Height	TEN
2013-02-23T11:55:23	Julabo_1	25.41
2013-02-23T11:55:54	Height	TEN
2013-02-23T11:55:57	Julabo_1	25.35
2013-02-23T11:56:10	Det_Temp	20.9571984435798
2013-02-23T11:56:16	Chopper	25
2013-02-23T11:56:24	Height	TEN
2013-02-23T11:56:43	Julabo_1	25.41
2013-02-23T11:56:54	Height	TEN
2013-02-23T11:57:14	Julabo_1	25.49
2013-02-23T11:57:17	Chopper	25
2013-02-23T11:57:24	Height	TEN
2013-02-23T11:57:45	Julabo_1	25.36
2013-02-23T11:57:55	Height	TEN
2013-02-23T11:58:16	Julabo_1	25.43
2013-02-23T11:58:18	Chopper	25
2013-02-23T11:58:26	Height	TEN
2013-02-23T11:58:46	Julabo_1	25.48
2013-02-23T11:58:57	Height	TEN
2013-02-23T11:59:18	Chopper	25
2013-02-23T11:59:19	Julabo_1	25.43
2013-02-23T11:59:27	Height	TEN
2013-02-23T11:59:49	Julabo_1	25.35
2013-02-23T11:59:57	Height	TEN
2013-02-23T12:00:18	Chopper	25
2013-02-23T12:00:19	Julabo_1	25.51
2013-02-23T12:00:27	Height	TEN
2013-02-23T12:00:50	Julabo_1	25.38
2013-02-23T12:00:58	Height	TEN
2013-02-23T12:01:19	Chopper	25
2013-02-23T12:01:29	Height	TEN
2013-02-23T12:01:59	Height	TEN
2013-02-23T12:02:06	Julabo_1	25.43
2013-02-23T12:02:19	Chopper	25
2013-02-23T12:02:29	Height	TEN
2013-02-23T12:02:49	Julabo_1	25.48
2013-02-23T12:02:59	Height	TEN
2013-02-23T12:03:20	Chopper	25
2013-02-23T12:03:20	Julabo_1	25.41
2013-02-23T12:03:30	Height	TEN
2013-02-23T12:03:51	Julabo_1	25.27
2013-02-23T12:04:00	Height	TEN
2013-02-23T12:04:20	Chopper	25
2013-02-23T12:04:21	Julabo_1	25.42
2013-02-23T12:04:31	Height	TEN
2013-02-23T12:05:01	Height	TEN
2013-02-23T12:05:20	Chopper	25
2013-02-23T12:05:27	Julabo_1	25.37
2013-02-23T12:05:31	Height	TEN
2013-02-23T12:06:02	Height	TEN
2013-02-23T12:06:08	Julabo_1	25.42
2013-02-23T12:06:21	Chopper	25
2013-02-23T12:06:32	Height	TEN
2013-02-23T12:06:42	Julabo_1	25.37
2013-02-23T12:07:02	Height	TEN
2013-02-23T12:07:12	Julabo_1	25.49
2013-02-23T12:07:22	Chopper	25
2013-02-23T12:07:32	Height	TEN
2013-02-23T12:07:43	Julabo_1	25.37
2013-02-23T12:08:02	Height	TEN
2013-02-23T12:08:14	Julabo_1	25.42
2013-02-23T12:08:23	Chopper	25
2013-02-23T12:08:33	Height	TEN
2013-02-23T12:09:03	Height	TEN
2013-02-23T12:09:20	Julabo_1	25.48
2013-02-23T12:09:24	Chopper	25
2013-02-23T12:09:34	Height	TEN
2013-02-23T12:09:51	Julabo_1	25.39
2013-02-23T12:10:05	Height	TEN
2013-02-23T12:10:22	Julabo_1	25.29
2013-02-23T12:10:24	Chopper	25
2013-02-23T12:10:35	Height	TEN
2013-02-23T12:10:53	Julabo_1	25.46
2013-02-23T12:11:06	Height	TEN
2013-02-23T12:11:23	Julabo_1	25.31
2013-02-23T12:11:25	Chopper	25
2013-02-23T12:11:37	Height	TEN
2013-02-23T12:12:07	Height	TEN
2013-02-23T12:12:21	Julabo_1	25.37
2013-02-23T12:12:26	Chopper	25
2013-02-23T12:12:38	Height	TEN
2013-02-23T12:12:57	Julabo_1	25.32
2013-02-23T12:13:08	Height	TEN
2013-02-23T12:13:26	Chopper	25
2013-02-23T12:13:27	Julabo_1	25.45
2013-02-23T12:13:38	Height	TEN
2013-02-23T12:14:02	Julabo_1	25.4
2013-02-23T12:14:09	Height	TEN
2013-02-23T12:14:27	Chopper	25
2013-02-23T12:14:39	Height	TEN
2013-02-23T12:15:10	Height	TEN
2013-02-23T12:15:27	Chopper	25
2013-02-23T12:15:31	Julabo_1	25.45
2013-02-23T12:15:41	Height	TEN
2013-02-23T12:16:02	Julabo_1	25.37
2013-02-23T12:16:11	Height	TEN
2013-02-23T12:16:27	Chopper	25
2013-02-23T12:16:38	Julabo_1	25.42
2013-02-23T12:16:41	Height	TEN
2013-02-23T12:17:09	Julabo_1	25.34
2013-02-23T12:17:12	Height	TEN
2013-02-23T12:17:28	Chopper	25
2013-02-23T12:17:41	Julabo_1	25.39
2013-02-23T12:17:43	Height	TEN
2013-02-23T12:18:11	Julabo_1	25.44
2013-02-23T12:18:14	Height	TEN
2013-02-23T12:18:28	Chopper	24.99
2013-02-23T12:18:41	Julabo_1	25.36
2013-02-23T12:18:45	Height	TEN
2013-02-23T12:19:14	Julabo_1	25.41
2013-02-23T12:19:15	Height	TEN
2013-02-23T12:19:29	Chopper	25
2013-02-23T12:19:44	Julabo_1	25.35
2013-02-23T12:19:45	Height	TEN
2013-02-23T12:20:15	Height	TEN
2013-02-23T12:20:20	Julabo_1	25.41
2013-02-23T12:20:29	Chopper	25
2013-02-23T12:20:46	Height	TEN
2013-02-23T12:21:00	Julabo_1	25.47
2013-02-23T12:21:16	Height	TEN
2013-02-23T12:21:30	Chopper	25
2013-02-23T12:21:30	Julabo_1	25.34
2013-02-23T12:21:47	Height	TEN
2013-02-23T12:22:00	Julabo_1	25.42
2013-02-23T12:22:17	Height	TEN
2013-02-23T12:22:30	Chopper	25
2013-02-23T12:22:30	Julabo_1	25.32
2013-02-23T12:22:48	Height	TEN
2013-02-23T12:23:17	Julabo_1	25.37
2013-02-23T12:23:18	Height	TEN
2013-02-23T12:23:31	Chopper	25
2013-02-23T12:23:48	Julabo_1	25.44
2013-02-23T12:23:49	Height	TEN
2013-02-23T12:24:18	Julabo_1	25.35
2013-02-23T12:24:20	Height	TEN
2013-02-23T12:24:32	Chopper	25
2013-02-23T12:24:49	Julabo_1	25.53
2013-02-23T12:24:51	Height	TEN
2013-02-23T12:25:20	Julabo_1	25.4
2013-02-23T12:25:22	Height	TEN
2013-02-23T12:25:33	Chopper	25
2013-02-23T12:25:52	Height	TEN
2013-02-23T12:26:01	Julabo_1	25.34
2013-02-23T12:26:23	Height	TEN
2013-02-23T12:26:31	Julabo_1	25.39
2013-02-23T12:26:33	Chopper	24.99
2013-02-23T12:26:54	Height	TEN
2013-02-23T12:27:14	Julabo_1	25.34
2013-02-23T12:27:24	Height	TEN
2013-02-23T12:27:33	Chopper	25
2013-02-23T12:27:35	Det_Temp	21.0817120622568
2013-02-23T12:27:44	Julabo_1	25.41
2013-02-23T12:27:54	Height	TEN
2013-02-23T12:28:14	Julabo_1	25.33
2013-02-23T12:28:24	Height	TEN
2013-02-23T12:28:33	Chopper	25
2013-02-23T12:28:44	Julabo_1	25.4
2013-02-23T12:28:54	Height	TEN
2013-02-23T12:29:24	Height	TEN
2013-02-23T12:29:33	Chopper	25
2013-02-23T12:29:41	Julabo_1	25.45
2013-02-23T12:29:54	Height	TEN
2013-02-23T12:30:11	Julabo_1	25.52
2013-02-23T12:30:24	Height	TEN
2013-02-23T12:30:33	Chopper	25
2013-02-23T12:30:41	Julabo_1	25.26
2013-02-23T12:30:54	Height	TEN
2013-02-23T12:31:11	Julabo_1	25.38
2013-02-23T12:31:24	Height	TEN
2013-02-23T12:31:33	Chopper	25
2013-02-23T12:31:45	Julabo_1	25.33
2013-02-23T12:31:54	Height	TEN
2013-02-23T12:32:24	Height	TEN
2013-02-23T12:32:28	Julabo_1	25.38
2013-02-23T12:32:34	Chopper	25
2013-02-23T12:32:55	Height	TEN
2013-02-23T12:32:59	Julabo_1	25.43
2013-02-23T12:33:25	Height	TEN
2013-02-23T12:33:29	Julabo_1	25.36
2013-02-23T12:33:34	Chopper	25
2013-02-23T12:33:56	Height	TEN
2013-02-23T12:34:03	Julabo_1	25.41
2013-02-23T12:34:26	Height	TEN
2013-02-23T12:34:34	Chopper	25
2013-02-23T12:34:56	Height	TEN
2013-02-23T12:35:15	Julabo_1	25.46
2013-02-23T12:35:27	Height	TEN
2013-02-23T12:35:34	Chopper	25
2013-02-23T12:35:46	Julabo_1	25.34
2013-02-23T12:35:58	Height	TEN
2013-02-23T12:36:28	Height	TEN
2013-02-23T12:36:28	Julabo_1	25.4
2013-02-23T12:36:34	Chopper	25
2013-02-23T12:36:59	Height	TEN
2013-02-23T12:37:03	Julabo_1	25.45
2013-02-23T12:37:30	Height	TEN
2013-02-23T12:37:35	Chopper	25
2013-02-23T12:37:54	Julabo_1	25.4
2013-02-23T12:38:00	Height	TEN
2013-02-23T12:38:31	Height	TEN
2013-02-23T12:38:35	Chopper	25
2013-02-23T12:38:37	Julabo_1	25.5
2013-02-23T12:39:01	Height	TEN
2013-02-23T12:39:18	Julabo_1	25.45
2013-02-23T12:39:32	Height	TEN
2013-02-23T12:39:35	Chopper	25
2013-02-23T12:39:53	Julabo_1	25.4
2013-02-23T12:40:03	Height	TEN
2013-02-23T12:40:24	Julabo_1	25.34
2013-02-23T12:40:33	Height	TEN
2013-02-23T12:40:35	Chopper	25
2013-02-23T12:40:54	Julabo_1	25.55
2013-02-23T12:41:04	Height	TEN
2013-02-23T12:41:25	Julabo_1	25.39
2013-02-23T12:41:34	Height	TEN
2013-02-23T12:41:35	Chopper	25
2013-02-23T12:41:56	Julabo_1	25.53
2013-02-23T12:42:04	Height	TEN
2013-02-23T12:42:26	Julabo_1	25.32
2013-02-23T12:42:34	Height	TEN
2013-02-23T12:42:35	Chopper	25
2013-02-23T12:42:56	Julabo_1	25.43
2013-02-23T12:43:04	Height	TEN
2013-02-23T12:43:34	Height	TEN
2013-02-23T12:43:34	Julabo_1	25.38
2013-02-23T12:43:35	Chopper	24.99
2013-02-23T12:44:04	Height	TEN
2013-02-23T12:44:04	Julabo_1	25.45
2013-02-23T12:44:34	Height	TEN
2013-02-23T12:44:35	Chopper	25
2013-02-23T12:44:46	Julabo_1	25.4
2013-02-23T12:45:04	Height	TEN
2013-02-23T12:45:21	Julabo_1	25.33
2013-02-23T12:45:34	Height	TEN
2013-02-23T12:45:35	Chopper	25
2013-02-23T12:45:51	Julabo_1	25.43
2013-02-23T12:46:04	Height	TEN
2013-02-23T12:46:21	Julabo_1	25.34
2013-02-23T12:46:34	Height	TEN
2013-02-23T12:46:35	Chopper	25
2013-02-23T12:46:52	Julabo_1	25.39
2013-02-23T12:47:05	Height	TEN
2013-02-23T12:47:13	Eurotherm_3	24.8591154520278
2013-02-23T12:47:23	Julabo_1	25.31
2013-02-23T12:47:35	Det_Temp	20.9571984435798
2013-02-23T12:47:36	Chopper	24.99
2013-02-23T12:47:36	Height	TEN
2013-02-23T12:47:54	Julabo_1	25.37
2013-02-23T12:48:06	Height	TEN
2013-02-23T12:48:36	Chopper	25
2013-02-23T12:48:36	Height	TEN
2013-02-23T12:48:55	Julabo_1	25.42
2013-02-23T12:49:07	Height	TEN
2013-02-23T12:49:26	Julabo_1	25.51
2013-02-23T12:49:36	Chopper	25
2013-02-23T12:49:37	Height	TEN
2013-02-23T12:49:52	Eurotherm_3	24.9622207735032
2013-02-23T12:49:59	Julabo_1	25.46
2013-02-23T12:50:07	Height	TEN
2013-02-23T12:50:22	Eurotherm_3	24.8591154520278
2013-02-23T12:50:34	Julabo_1	25.39
2013-02-23T12:50:37	Chopper	25
2013-02-23T12:50:38	Height	TEN
2013-02-23T12:50:52	Eurotherm_3	24.9622207735032
2013-02-23T12:51:07	Julabo_1	25.44
2013-02-23T12:51:08	Height	TEN
2013-02-23T12:51:37	Chopper	25
2013-02-23T12:51:38	Height	TEN
2013-02-23T12:51:39	Julabo_1	25.39
2013-02-23T12:52:09	Height	TEN
2013-02-23T12:52:10	Julabo_1	25.46
2013-02-23T12:52:37	Chopper	25
2013-02-23T12:52:39	Height	TEN
2013-02-23T12:52:41	Julabo_1	25.4
2013-02-23T12:53:09	Height	TEN
2013-02-23T12:53:13	Julabo_1	25.45
2013-02-23T12:53:37	Chopper	25
2013-02-23T12:53:40	Height	TEN
2013-02-23T12:53:44	Julabo_1	25.29
2013-02-23T12:54:11	Height	TEN
2013-02-23T12:54:15	Julabo_1	25.35
2013-02-23T12:54:38	Chopper	25
2013-02-23T12:54:42	Height	TEN
2013-02-23T12:54:49	Julabo_1	25.41
2013-02-23T12:55:13	Height	TEN
2013-02-23T12:55:19	Julabo_1	25.34
2013-02-23T12:55:38	Chopper	25
2013-02-23T12:55:44	Height	TEN
2013-02-23T12:55:52	Julabo_1	25.4
2013-02-23T12:56:14	Height	TEN
2013-02-23T12:56:24	Julabo_1	25.45
2013-02-23T12:56:38	Chopper	25
2013-02-23T12:56:44	Height	TEN
2013-02-23T12:56:55	Julabo_1	25.39
2013-02-23T12:57:14	Height	TEN
2013-02-23T12:57:25	Julabo_1	25.32
2013-02-23T12:57:39	Chopper	25
2013-02-23T12:57:45	Height	TEN
2013-02-23T12:57:55	Julabo_1	25.39
2013-02-23T12:58:15	Height	TEN
2013-02-23T12:58:32	Julabo_1	25.45
2013-02-23T12:58:39	Chopper	24.99
2013-02-23T12:58:46	Height	TEN
2013-02-23T12:59:02	Julabo_1	25.37
2013-02-23T12:59:17	Height	TEN
2013-02-23T12:59:33	Julabo_1	25.47
2013-02-23T12:59:39	Chopper	25
2013-02-23T12:59:47	Height	TEN
2013-02-23T13:00:04	Julabo_1	25.35
2013-02-23T13:00:18	Height	TEN
2013-02-23T13:00:34	Julabo_1	25.43
2013-02-23T13:00:39	Chopper	25
2013-02-23T13:00:49	Height	TEN
2013-02-23T13:01:05	Julabo_1	25.36
2013-02-23T13:01:19	Height	TEN
2013-02-23T13:01:35	Julabo_1	25.41
2013-02-23T13:01:39	Chopper	25
2013-02-23T13:01:49	Height	TEN
2013-02-23T13:02:05	Julabo_1	25.49
2013-02-23T13:02:20	Height	TEN
2013-02-23T13:02:35	Julabo_1	25.41
2013-02-23T13:02:39	Chopper	25
2013-02-23T13:02:51	Height	TEN
2013-02-23T13:03:06	Julabo_1	25.36
2013-02-23T13:03:21	Height	TEN
2013-02-23T13:03:36	Julabo_1	25.42
2013-02-23T13:03:39	Chopper	25
2013-02-23T13:03:51	Height	TEN
2013-02-23T13:04:07	Julabo_1	25.49
2013-02-23T13:04:22	Height	TEN
2013-02-23T13:04:39	Chopper	25
2013-02-23T13:04:43	Julabo_1	25.57
2013-02-23T13:04:52	Height	TEN
2013-02-23T13:05:14	Julabo_1	25.36
2013-02-23T13:05:22	Height	TEN
2013-02-23T13:05:39	Chopper	25
2013-02-23T13:05:46	Julabo_1	25.41
2013-02-23T13:05:52	Height	TEN
2013-02-23T13:06:16	Julabo_1	25.46
2013-02-23T13:06:22	Height	TEN
2013-02-23T13:06:39	Chopper	25
2013-02-23T13:06:46	Julabo_1	25.38
2013-02-23T13:06:52	Height	TEN
2013-02-23T13:07:16	Julabo_1	25.49
2013-02-23T13:07:22	Height	TEN
2013-02-23T13:07:39	Chopper	25
2013-02-23T13:07:46	Julabo_1	25.39
2013-02-23T13:07:53	Height	TEN
2013-02-23T13:08:16	Julabo_1	25.44
2013-02-23T13:08:23	Height	TEN
2013-02-23T13:08:39	Chopper	25
2013-02-23T13:08:47	Julabo_1	25.38
2013-02-23T13:08:53	Eurotherm_3	24.8591154520278
2013-02-23T13:08:54	Height	TEN
2013-02-23T13:09:17	Julabo_1	25.43
2013-02-23T13:09:23	Eurotherm_3	24.9622207735032
2013-02-23T13:09:24	Height	TEN
2013-02-23T13:09:39	Chopper	25
2013-02-23T13:09:52	Det_Temp	21.0817120622568
2013-02-23T13:09:54	Eurotherm_3	24.8591154520278
2013-02-23T13:09:55	Height	TEN
2013-02-23T13:10:19	Julabo_1	25.48
2013-02-23T13:10:24	Eurotherm_3	24.9622207735032
2013-02-23T13:10:26	Height	TEN
2013-02-23T13:10:40	Chopper	25
2013-02-23T13:10:50	Julabo_1	25.37
2013-02-23T13:10:56	Height	TEN
2013-02-23T13:11:20	Julabo_1	25.46
2013-02-23T13:11:26	Height	TEN
2013-02-23T13:11:40	Chopper	25
2013-02-23T13:11:50	Julabo_1	25.38
2013-02-23T13:11:56	Height	TEN
2013-02-23T13:12:26	Julabo_1	25.33
2013-02-23T13:12:27	Height	TEN
2013-02-23T13:12:40	Chopper	25
2013-02-23T13:12:56	Julabo_1	25.45
2013-02-23T13:12:57	Height	TEN
2013-02-23T13:13:27	Julabo_1	25.39
2013-02-23T13:13:28	Height	TEN
2013-02-23T13:13:41	Chopper	25
2013-02-23T13:13:58	Height	TEN
2013-02-23T13:13:58	Julabo_1	25.48
2013-02-23T13:14:29	Height	TEN
2013-02-23T13:14:29	Julabo_1	25.39
2013-02-23T13:14:42	Chopper	25
2013-02-23T13:14:59	Height	TEN
2013-02-23T13:14:59	Julabo_1	25.34
2013-02-23T13:15:30	Height	TEN
2013-02-23T13:15:43	Chopper	25
2013-02-23T13:15:44	Julabo_1	25.39
2013-02-23T13:16:00	Height	TEN
2013-02-23T13:16:30	Height	TEN
2013-02-23T13:16:35	Julabo_1	25.45
2013-02-23T13:16:43	Chopper	25
2013-02-23T13:17:01	Height	TEN
2013-02-23T13:17:06	Julabo_1	25.4
2013-02-23T13:17:31	Height	TEN
2013-02-23T13:17:44	Chopper	25
2013-02-23T13:17:44	Julabo_1	25.33
2013-02-23T13:18:01	Height	TEN
2013-02-23T13:18:14	Julabo_1	25.38
2013-02-23T13:18:31	Height	TEN
2013-02-23T13:18:44	Chopper	25
2013-02-23T13:18:44	Julabo_1	25.32
2013-02-23T13:19:01	Height	TEN
2013-02-23T13:19:15	Julabo_1	25.39
2013-02-23T13:19:32	Height	TEN
2013-02-23T13:19:45	Chopper	25
2013-02-23T13:19:51	Julabo_1	25.44
2013-02-23T13:19:57	Eurotherm_3	24.8591154520278
2013-02-23T13:20:03	Height	TEN
2013-02-23T13:20:22	Julabo_1	25.61
2013-02-23T13:20:29	Eurotherm_3	24.9622207735032
2013-02-23T13:20:33	Height	TEN
2013-02-23T13:20:45	Chopper	25
2013-02-23T13:20:52	Julabo_1	25.36
2013-02-23T13:20:59	Eurotherm_3	24.8591154520278
2013-02-23T13:21:03	Height	TEN
2013-02-23T13:21:23	Julabo_1	25.48
2013-02-23T13:21:34	Height	TEN
2013-02-23T13:21:34	Eurotherm_3	24.9622207735032
2013-02-23T13:21:46	Chopper	25
2013-02-23T13:21:53	Julabo_1	25.39
2013-02-23T13:22:05	Height	TEN
2013-02-23T13:22:05	Eurotherm_3	24.8591154520278
2013-02-23T13:22:27	Julabo_1	25.47
2013-02-23T13:22:35	Height	TEN
2013-02-23T13:22:46	Chopper	25
2013-02-23T13:22:58	Julabo_1	25.33
2013-02-23T13:23:05	Height	TEN
2013-02-23T13:23:28	Julabo_1	25.41
2013-02-23T13:23:36	Height	TEN
2013-02-23T13:23:46	Chopper	25
2013-02-23T13:24:06	Height	TEN
2013-02-23T13:24:21	Julabo_1	25.47
2013-02-23T13:24:34	Eurotherm_3	24.9622207735032
2013-02-23T13:24:36	Height	TEN
2013-02-23T13:24:47	Chopper	25
2013-02-23T13:24:51	Julabo_1	25.41
2013-02-23T13:25:05	Eurotherm_3	24.8591154520278
2013-02-23T13:25:06	Height	TEN
2013-02-23T13:25:22	Julabo_1	25.35
2013-02-23T13:25:36	Eurotherm_3	24.9622207735032
2013-02-23T13:25:37	Height	TEN
2013-02-23T13:25:48	Chopper	25
2013-02-23T13:25:52	Julabo_1	25.29
2013-02-23T13:26:07	Height	TEN
2013-02-23T13:26:23	Julabo_1	25.48
2013-02-23T13:26:38	Height	TEN
2013-02-23T13:26:49	Chopper	25
2013-02-23T13:26:53	Julabo_1	25.31
2013-02-23T13:27:08	Height	TEN
2013-02-23T13:27:23	Julabo_1	25.47
2013-02-23T13:27:39	Height	TEN
2013-02-23T13:27:49	Chopper	25
2013-02-23T13:27:54	Julabo_1	25.37
2013-02-23T13:28:09	Height	TEN
2013-02-23T13:28:40	Height	TEN
2013-02-23T13:28:49	Chopper	25
2013-02-23T13:29:01	Julabo_1	25.42
2013-02-23T13:29:11	Height	TEN
2013-02-23T13:29:41	Height	TEN
2013-02-23T13:29:49	Chopper	25
2013-02-23T13:29:53	Det_Temp	20.9571984435798
2013-02-23T13:29:54	Julabo_1	25.37
2013-02-23T13:30:12	Height	TEN
2013-02-23T13:30:24	Julabo_1	25.31
2013-02-23T13:30:42	Height	TEN
2013-02-23T13:30:50	Chopper	25
2013-02-23T13:30:54	Julabo_1	25.49
2013-02-23T13:31:12	ScriptName	XPRESS_1293031
2013-02-23T13:31:12	Tx_Mon	Out
2013-02-23T13:31:12	Tx_Mon_Pos	130
2013-02-23T13:31:12	Aperture_2	Medium
2013-02-23T13:31:12	Det_HV	2146.0959005294
2013-02-23T13:31:12	Det_Temp	20.988326848249
2013-02-23T13:31:12	Det_Rear_Temp	19.2
2013-02-23T13:31:12	Det_Discrim	150.679783898596
2013-02-23T13:31:12	Shutter	OPEN
2013-02-23T13:31:12	Changer	I
2013-02-23T13:31:12	Sample	357.3
2013-02-23T13:31:12	Table	10.4994298745724
2013-02-23T13:31:12	Julabo_1	25.36
2013-02-23T13:31:12	Julabo_2	NaN
2013-02-23T13:31:12	Eurotherm_1	-246.861023765093
2013-02-23T13:31:12	Eurotherm_2	0
2013-02-23T13:31:12	Eurotherm_3	24.9622207735032
