2013-02-22T21:45:17	Eurotherm_3	24.9622207735032
2013-02-22T21:45:18	Sample	413.4475
2013-02-22T21:45:21	Changer	F
2013-02-22T21:45:26	Height	TEN
2013-02-22T21:45:32	ScriptName	XPRESS_1293031
2013-02-22T21:45:32	Tx_Mon	Out
2013-02-22T21:45:32	Tx_Mon_Pos	130
2013-02-22T21:45:32	Aperture_2	Medium
2013-02-22T21:45:32	Det_HV	2146.2545943513
2013-02-22T21:45:32	Det_Temp	21.4863813229572
2013-02-22T21:45:32	Det_Rear_Temp	19.5
2013-02-22T21:45:32	Det_Discrim	150.679783898596
2013-02-22T21:45:32	Shutter	OPEN
2013-02-22T21:45:32	Changer	F
2013-02-22T21:45:32	Sample	441.2475
2013-02-22T21:45:32	Table	10.4994298745724
2013-02-22T21:45:32	Julabo_1	25.34
2013-02-22T21:45:32	Julabo_2	NaN
2013-02-22T21:45:32	Eurotherm_1	-246.861023765093
2013-02-22T21:45:32	Eurotherm_2	0
2013-02-22T21:45:32	Eurotherm_3	24.9622207735032
2013-02-22T21:45:48	Sample	441.2475
2013-02-22T21:45:48	Eurotherm_3	25.0653292600627
2013-02-22T21:45:53	Chopper	25
2013-02-22T21:45:56	Height	TEN
2013-02-22T21:45:57	Julabo_1	25.44
2013-02-22T21:46:20	Eurotherm_3	24.9622207735032
2013-02-22T21:46:27	Height	TEN
2013-02-22T21:46:32	Julabo_1	25.5
2013-02-22T21:46:53	Chopper	25
2013-02-22T21:46:54	Eurotherm_3	25.0653292600627
2013-02-22T21:46:58	Height	TEN
2013-02-22T21:47:03	Julabo_1	25.34
2013-02-22T21:47:27	Eurotherm_3	24.9622207735032
2013-02-22T21:47:28	Height	TEN
2013-02-22T21:47:34	Julabo_1	25.46
2013-02-22T21:47:52	Det_Temp	21.4552529182879
2013-02-22T21:47:54	Chopper	25
2013-02-22T21:47:57	Eurotherm_3	25.0653292600627
2013-02-22T21:47:58	Height	TEN
2013-02-22T21:48:04	Julabo_1	25.36
2013-02-22T21:48:28	Height	TEN
2013-02-22T21:48:36	Julabo_1	25.43
2013-02-22T21:48:54	Chopper	25
2013-02-22T21:48:58	Height	TEN
2013-02-22T21:49:15	Julabo_1	25.48
2013-02-22T21:49:28	Height	TEN
2013-02-22T21:49:45	Julabo_1	25.36
2013-02-22T21:49:54	Chopper	25
2013-02-22T21:49:59	Height	TEN
2013-02-22T21:50:19	Julabo_1	25.41
2013-02-22T21:50:30	Height	TEN
2013-02-22T21:50:49	Julabo_1	25.24
2013-02-22T21:50:54	Chopper	25
2013-02-22T21:51:00	Height	TEN
2013-02-22T21:51:19	Julabo_1	25.51
2013-02-22T21:51:30	Height	TEN
2013-02-22T21:51:49	Julabo_1	25.36
2013-02-22T21:51:50	Eurotherm_3	24.9622207735032
2013-02-22T21:51:54	Chopper	25
2013-02-22T21:52:00	Height	TEN
2013-02-22T21:52:19	Julabo_1	25.49
2013-02-22T21:52:20	Eurotherm_3	25.0653292600627
2013-02-22T21:52:30	Height	TEN
2013-02-22T21:52:49	Julabo_1	25.41
2013-02-22T21:52:50	Eurotherm_3	24.9622207735032
2013-02-22T21:52:54	Chopper	25
2013-02-22T21:53:00	Height	TEN
2013-02-22T21:53:20	Julabo_1	25.35
2013-02-22T21:53:30	Height	TEN
2013-02-22T21:53:54	Chopper	25
2013-02-22T21:54:00	Height	TEN
2013-02-22T21:54:03	Julabo_1	25.42
2013-02-22T21:54:18	Eurotherm_3	25.0653292600627
2013-02-22T21:54:30	Height	TEN
2013-02-22T21:54:33	Julabo_1	25.36
2013-02-22T21:54:48	Eurotherm_3	24.9622207735032
2013-02-22T21:54:54	Chopper	25
2013-02-22T21:55:00	Height	TEN
2013-02-22T21:55:03	Julabo_1	25.45
2013-02-22T21:55:30	Height	TEN
2013-02-22T21:55:33	Julabo_1	25.35
2013-02-22T21:55:54	Chopper	25
2013-02-22T21:56:01	Height	TEN
2013-02-22T21:56:12	Julabo_1	25.45
2013-02-22T21:56:31	Height	TEN
2013-02-22T21:56:42	Julabo_1	25.33
2013-02-22T21:56:55	Chopper	25
2013-02-22T21:57:01	Height	TEN
2013-02-22T21:57:12	Julabo_1	25.38
2013-02-22T21:57:31	Height	TEN
2013-02-22T21:57:48	Julabo_1	25.43
2013-02-22T21:57:55	Chopper	25
2013-02-22T21:58:01	Height	TEN
2013-02-22T21:58:18	Julabo_1	25.32
2013-02-22T21:58:32	Height	TEN
2013-02-22T21:58:49	Julabo_1	25.41
2013-02-22T21:58:55	Chopper	25
2013-02-22T21:59:02	Height	TEN
2013-02-22T21:59:20	Julabo_1	25.36
2013-02-22T21:59:32	Height	TEN
2013-02-22T21:59:56	Chopper	25
2013-02-22T22:00:03	Height	TEN
2013-02-22T22:00:10	Julabo_1	25.41
2013-02-22T22:00:33	Height	TEN
2013-02-22T22:00:56	Chopper	24.99
2013-02-22T22:01:03	Height	TEN
2013-02-22T22:01:34	Height	TEN
2013-02-22T22:01:36	Julabo_1	25.46
2013-02-22T22:01:56	Chopper	25
2013-02-22T22:02:05	Height	TEN
2013-02-22T22:02:07	Julabo_1	25.33
2013-02-22T22:02:36	Height	TEN
2013-02-22T22:02:38	Julabo_1	25.38
2013-02-22T22:02:54	Eurotherm_3	25.0653292600627
2013-02-22T22:02:57	Chopper	25
2013-02-22T22:03:06	Height	TEN
2013-02-22T22:03:08	Julabo_1	25.44
2013-02-22T22:03:24	Eurotherm_3	24.9622207735032
2013-02-22T22:03:36	Height	TEN
2013-02-22T22:03:38	Julabo_1	25.31
2013-02-22T22:03:55	Eurotherm_3	25.0653292600627
2013-02-22T22:03:57	Chopper	25
2013-02-22T22:04:06	Height	TEN
2013-02-22T22:04:09	Julabo_1	25.47
2013-02-22T22:04:32	Eurotherm_3	24.9622207735032
2013-02-22T22:04:37	Height	TEN
2013-02-22T22:04:50	Julabo_1	25.41
2013-02-22T22:04:58	Chopper	25
2013-02-22T22:05:07	Height	TEN
2013-02-22T22:05:09	Eurotherm_3	25.0653292600627
2013-02-22T22:05:22	Julabo_1	25.47
2013-02-22T22:05:38	Height	TEN
2013-02-22T22:05:47	Eurotherm_3	24.9622207735032
2013-02-22T22:05:52	Julabo_1	25.38
2013-02-22T22:05:58	Chopper	25
2013-02-22T22:06:09	Height	TEN
2013-02-22T22:06:18	Eurotherm_3	25.0653292600627
2013-02-22T22:06:23	Julabo_1	25.46
2013-02-22T22:06:40	Height	TEN
2013-02-22T22:06:48	Eurotherm_3	24.9622207735032
2013-02-22T22:06:54	Julabo_1	25.41
2013-02-22T22:06:59	Chopper	25
2013-02-22T22:07:11	Height	TEN
2013-02-22T22:07:18	Eurotherm_3	25.0653292600627
2013-02-22T22:07:41	Height	TEN
2013-02-22T22:07:43	Julabo_1	25.36
2013-02-22T22:07:54	Eurotherm_3	24.9622207735032
2013-02-22T22:08:00	Chopper	25
2013-02-22T22:08:11	Height	TEN
2013-02-22T22:08:20	Julabo_1	25.42
2013-02-22T22:08:25	Eurotherm_3	25.0653292600627
2013-02-22T22:08:42	Height	TEN
2013-02-22T22:08:50	Julabo_1	25.32
2013-02-22T22:09:00	Chopper	25
2013-02-22T22:09:10	Eurotherm_3	24.9622207735032
2013-02-22T22:09:13	Height	TEN
2013-02-22T22:09:21	Julabo_1	25.54
2013-02-22T22:09:40	Eurotherm_3	25.0653292600627
2013-02-22T22:09:43	Height	TEN
2013-02-22T22:09:51	Julabo_1	25.36
2013-02-22T22:10:01	Chopper	25
2013-02-22T22:10:14	Height	TEN
2013-02-22T22:10:17	Eurotherm_3	24.9622207735032
2013-02-22T22:10:22	Julabo_1	25.31
2013-02-22T22:10:44	Height	TEN
2013-02-22T22:10:52	Julabo_1	25.43
2013-02-22T22:11:02	Chopper	25
2013-02-22T22:11:15	Height	TEN
2013-02-22T22:11:37	Julabo_1	25.37
2013-02-22T22:11:45	Height	TEN
2013-02-22T22:12:02	Chopper	25
2013-02-22T22:12:10	Julabo_1	25.32
2013-02-22T22:12:16	Height	TEN
2013-02-22T22:12:40	Julabo_1	25.43
2013-02-22T22:12:46	Height	TEN
2013-02-22T22:13:02	Chopper	25
2013-02-22T22:13:10	Julabo_1	25.51
2013-02-22T22:13:17	Height	TEN
2013-02-22T22:13:41	Julabo_1	25.31
2013-02-22T22:13:48	Height	TEN
2013-02-22T22:14:03	Chopper	25
2013-02-22T22:14:12	Julabo_1	25.41
2013-02-22T22:14:19	Height	TEN
2013-02-22T22:14:43	Julabo_1	25.56
2013-02-22T22:14:50	Height	TEN
2013-02-22T22:15:03	Chopper	25
2013-02-22T22:15:13	Julabo_1	25.47
2013-02-22T22:15:21	Height	TEN
2013-02-22T22:15:49	Julabo_1	25.41
2013-02-22T22:15:52	Height	TEN
2013-02-22T22:16:03	Chopper	25
2013-02-22T22:16:19	Julabo_1	25.46
2013-02-22T22:16:22	Height	TEN
2013-02-22T22:16:50	Julabo_1	25.27
2013-02-22T22:16:52	Height	TEN
2013-02-22T22:17:03	Chopper	25
2013-02-22T22:17:20	Julabo_1	25.34
2013-02-22T22:17:22	Height	TEN
2013-02-22T22:17:50	Julabo_1	25.39
2013-02-22T22:17:52	Height	TEN
2013-02-22T22:18:03	Chopper	25
2013-02-22T22:18:22	Height	TEN
2013-02-22T22:18:29	Julabo_1	25.34
2013-02-22T22:18:52	Height	TEN
2013-02-22T22:18:59	Julabo_1	25.39
2013-02-22T22:19:03	Chopper	25
2013-02-22T22:19:22	Height	TEN
2013-02-22T22:19:40	Julabo_1	25.45
2013-02-22T22:19:52	Height	TEN
2013-02-22T22:20:03	Chopper	25
2013-02-22T22:20:10	Julabo_1	25.39
2013-02-22T22:20:23	Height	TEN
2013-02-22T22:20:41	Julabo_1	25.34
2013-02-22T22:20:54	Height	TEN
2013-02-22T22:21:03	Chopper	25
2013-02-22T22:21:11	Julabo_1	25.46
2013-02-22T22:21:24	Height	TEN
2013-02-22T22:21:41	Julabo_1	25.39
2013-02-22T22:21:54	Height	TEN
2013-02-22T22:22:04	Chopper	25
2013-02-22T22:22:20	Julabo_1	25.46
2013-02-22T22:22:25	Height	TEN
2013-02-22T22:22:50	Julabo_1	25.31
2013-02-22T22:22:55	Height	TEN
2013-02-22T22:23:04	Chopper	25
2013-02-22T22:23:20	Julabo_1	25.42
2013-02-22T22:23:25	Height	TEN
2013-02-22T22:23:50	Julabo_1	25.37
2013-02-22T22:23:56	Height	TEN
2013-02-22T22:24:04	Chopper	25
2013-02-22T22:24:26	Height	TEN
2013-02-22T22:24:31	Julabo_1	25.32
2013-02-22T22:24:56	Height	TEN
2013-02-22T22:25:05	Chopper	25
2013-02-22T22:25:06	Julabo_1	25.37
2013-02-22T22:25:27	Height	TEN
2013-02-22T22:25:36	Julabo_1	25.45
2013-02-22T22:25:57	Height	TEN
2013-02-22T22:26:06	Chopper	25
2013-02-22T22:26:07	Julabo_1	25.36
2013-02-22T22:26:27	Height	TEN
2013-02-22T22:26:37	Julabo_1	25.41
2013-02-22T22:26:57	Height	TEN
2013-02-22T22:27:06	Chopper	25
2013-02-22T22:27:09	Julabo_1	25.36
2013-02-22T22:27:27	Height	TEN
2013-02-22T22:27:40	Julabo_1	25.47
2013-02-22T22:27:56	Eurotherm_3	25.0653292600627
2013-02-22T22:27:58	Height	TEN
2013-02-22T22:28:06	Chopper	25
2013-02-22T22:28:10	Julabo_1	25.33
2013-02-22T22:28:27	Eurotherm_3	24.9622207735032
2013-02-22T22:28:29	Height	TEN
2013-02-22T22:28:40	Julabo_1	25.39
2013-02-22T22:28:59	Height	TEN
2013-02-22T22:29:06	Chopper	25
2013-02-22T22:29:16	Julabo_1	25.45
2013-02-22T22:29:29	Height	TEN
2013-02-22T22:29:46	Julabo_1	25.4
2013-02-22T22:29:59	Height	TEN
2013-02-22T22:30:06	Chopper	25
2013-02-22T22:30:25	Julabo_1	25.45
2013-02-22T22:30:29	Height	TEN
2013-02-22T22:31:00	Height	TEN
2013-02-22T22:31:07	Chopper	25
2013-02-22T22:31:09	Julabo_1	25.4
2013-02-22T22:31:30	Height	TEN
2013-02-22T22:31:39	Julabo_1	25.55
2013-02-22T22:32:00	Height	TEN
2013-02-22T22:32:07	Chopper	24.99
2013-02-22T22:32:09	Julabo_1	25.37
2013-02-22T22:32:30	Height	TEN
2013-02-22T22:32:48	Julabo_1	25.43
2013-02-22T22:33:00	Height	TEN
2013-02-22T22:33:07	Chopper	25
2013-02-22T22:33:19	Julabo_1	25.37
2013-02-22T22:33:31	Height	TEN
2013-02-22T22:33:49	Julabo_1	25.49
2013-02-22T22:34:01	Height	TEN
2013-02-22T22:34:07	Chopper	25
2013-02-22T22:34:25	Julabo_1	25.43
2013-02-22T22:34:32	Height	TEN
2013-02-22T22:34:56	Julabo_1	25.5
2013-02-22T22:35:02	Height	TEN
2013-02-22T22:35:07	Chopper	25
2013-02-22T22:35:26	Julabo_1	25.45
2013-02-22T22:35:33	Height	TEN
2013-02-22T22:35:57	Julabo_1	25.36
2013-02-22T22:36:03	Height	TEN
2013-02-22T22:36:08	Chopper	25
2013-02-22T22:36:33	Height	TEN
2013-02-22T22:36:39	Julabo_1	25.42
2013-02-22T22:37:04	Height	TEN
2013-02-22T22:37:08	Chopper	25
2013-02-22T22:37:13	Julabo_1	25.37
2013-02-22T22:37:35	Height	TEN
2013-02-22T22:37:46	Julabo_1	25.42
2013-02-22T22:38:05	Height	TEN
2013-02-22T22:38:08	Chopper	24.99
2013-02-22T22:38:16	Julabo_1	25.52
2013-02-22T22:38:36	Height	TEN
2013-02-22T22:38:47	Julabo_1	25.4
2013-02-22T22:39:07	Height	TEN
2013-02-22T22:39:09	Chopper	25
2013-02-22T22:39:17	Julabo_1	25.55
2013-02-22T22:39:37	Height	TEN
2013-02-22T22:39:47	Julabo_1	25.32
2013-02-22T22:40:08	Height	TEN
2013-02-22T22:40:09	Chopper	24.99
2013-02-22T22:40:18	Julabo_1	25.37
2013-02-22T22:40:38	Height	TEN
2013-02-22T22:40:56	Julabo_1	25.43
2013-02-22T22:41:09	Height	TEN
2013-02-22T22:41:10	Chopper	25
2013-02-22T22:41:26	Julabo_1	25.34
2013-02-22T22:41:39	Height	TEN
2013-02-22T22:41:56	Julabo_1	25.29
2013-02-22T22:42:10	Chopper	25
2013-02-22T22:42:10	Height	TEN
2013-02-22T22:42:27	Julabo_1	25.42
2013-02-22T22:42:40	Height	TEN
2013-02-22T22:42:57	Julabo_1	25.33
2013-02-22T22:43:10	Chopper	24.99
2013-02-22T22:43:10	Height	TEN
2013-02-22T22:43:27	Julabo_1	25.4
2013-02-22T22:43:40	Height	TEN
2013-02-22T22:44:06	Julabo_1	25.34
2013-02-22T22:44:10	Chopper	25
2013-02-22T22:44:10	Height	TEN
2013-02-22T22:44:36	Julabo_1	25.45
2013-02-22T22:44:41	Height	TEN
2013-02-22T22:45:09	Julabo_1	25.4
2013-02-22T22:45:10	Chopper	25
2013-02-22T22:45:11	Height	TEN
2013-02-22T22:45:40	Julabo_1	25.46
2013-02-22T22:45:41	Height	TEN
2013-02-22T22:46:10	Chopper	25
2013-02-22T22:46:11	Height	TEN
2013-02-22T22:46:11	Julabo_1	25.41
2013-02-22T22:46:41	Height	TEN
2013-02-22T22:46:51	Julabo_1	25.36
2013-02-22T22:47:10	Chopper	24.99
2013-02-22T22:47:11	Height	TEN
2013-02-22T22:47:21	Julabo_1	25.52
2013-02-22T22:47:41	Height	TEN
2013-02-22T22:47:51	Julabo_1	25.46
2013-02-22T22:48:10	Chopper	25
2013-02-22T22:48:11	Height	TEN
2013-02-22T22:48:21	Julabo_1	25.38
2013-02-22T22:48:41	Height	TEN
2013-02-22T22:49:10	Chopper	25
2013-02-22T22:49:12	Height	TEN
2013-02-22T22:49:16	Julabo_1	25.44
2013-02-22T22:49:23	ScriptName	XPRESS_1293031
2013-02-22T22:49:23	Tx_Mon	Out
2013-02-22T22:49:23	Tx_Mon_Pos	130
2013-02-22T22:49:23	Aperture_2	Medium
2013-02-22T22:49:23	Det_HV	2146.2545943513
2013-02-22T22:49:23	Det_Temp	21.5175097276265
2013-02-22T22:49:23	Det_Rear_Temp	19.4
2013-02-22T22:49:23	Det_Discrim	150.679783898596
2013-02-22T22:49:23	Shutter	OPEN
2013-02-22T22:49:23	Changer	F
2013-02-22T22:49:23	Sample	441.2475
2013-02-22T22:49:23	Table	10.4994298745724
2013-02-22T22:49:23	Julabo_1	25.47
2013-02-22T22:49:23	Julabo_2	NaN
2013-02-22T22:49:23	Eurotherm_1	-246.861023765093
2013-02-22T22:49:23	Eurotherm_2	0
2013-02-22T22:49:23	Eurotherm_3	24.9622207735032
