2013-02-22T09:39:24	Sample	398.6075
2013-02-22T09:39:28	Height	TEN
2013-02-22T09:39:34	Changer	A9
2013-02-22T09:39:48	ScriptName	STARTUP_CYCLE125_B
2013-02-22T09:39:48	Tx_Mon	Out
2013-02-22T09:39:48	Tx_Mon_Pos	130
2013-02-22T09:39:48	Aperture_2	Medium
2013-02-22T09:39:48	Det_HV	2146.2545943513
2013-02-22T09:39:48	Det_Temp	21.7665369649805
2013-02-22T09:39:48	Det_Rear_Temp	19.8
2013-02-22T09:39:48	Det_Discrim	150.679783898596
2013-02-22T09:39:48	Shutter	OPEN
2013-02-22T09:39:48	Changer	A9
2013-02-22T09:39:48	Sample	268.4725
2013-02-22T09:39:48	Table	10.4994298745724
2013-02-22T09:39:48	Julabo_1	25.38
2013-02-22T09:39:48	Julabo_2	NaN
2013-02-22T09:39:48	Eurotherm_1	-246.861023765093
2013-02-22T09:39:48	Eurotherm_2	0
2013-02-22T09:39:48	Eurotherm_3	25.0653292600627
2013-02-22T09:39:55	Sample	268.4725
2013-02-22T09:39:56	Julabo_1	25.45
2013-02-22T09:39:58	Height	TEN
2013-02-22T09:40:18	Chopper	25
2013-02-22T09:40:28	Julabo_1	25.4
2013-02-22T09:40:29	Height	TEN
2013-02-22T09:40:59	Height	TEN
2013-02-22T09:41:19	Chopper	25
2013-02-22T09:41:30	Height	TEN
2013-02-22T09:41:32	Det_Temp	21.7665369649805
2013-02-22T09:42:01	Height	TEN
2013-02-22T09:42:02	Julabo_1	25.45
2013-02-22T09:42:19	Chopper	25
2013-02-22T09:42:32	Height	TEN
2013-02-22T09:42:33	Julabo_1	25.31
2013-02-22T09:42:40	ScriptName	STARTUP_CYCLE125_B
2013-02-22T09:42:40	Tx_Mon	Out
2013-02-22T09:42:40	Tx_Mon_Pos	130
2013-02-22T09:42:40	Aperture_2	Medium
2013-02-22T09:42:40	Det_HV	2146.2545943513
2013-02-22T09:42:40	Det_Temp	21.7665369649805
2013-02-22T09:42:40	Det_Rear_Temp	19.8
2013-02-22T09:42:40	Det_Discrim	150.679783898596
2013-02-22T09:42:40	Shutter	OPEN
2013-02-22T09:42:40	Changer	A9
2013-02-22T09:42:40	Sample	268.4725
2013-02-22T09:42:40	Table	10.4994298745724
2013-02-22T09:42:40	Julabo_1	25.43
2013-02-22T09:42:40	Julabo_2	NaN
2013-02-22T09:42:40	Eurotherm_1	-246.861023765093
2013-02-22T09:42:40	Eurotherm_2	0
2013-02-22T09:42:40	Eurotherm_3	25.0653292600627
2013-02-22T09:43:02	Height	TEN
2013-02-22T09:43:13	Julabo_1	25.37
2013-02-22T09:43:20	Chopper	25
2013-02-22T09:43:33	Height	TEN
2013-02-22T09:43:59	Julabo_1	25.42
2013-02-22T09:44:04	Height	TEN
2013-02-22T09:44:21	Chopper	25
2013-02-22T09:44:31	Julabo_1	25.37
2013-02-22T09:44:35	Height	TEN
2013-02-22T09:45:05	Height	TEN
2013-02-22T09:45:16	Julabo_1	25.42
2013-02-22T09:45:21	Chopper	25
2013-02-22T09:45:35	Height	TEN
2013-02-22T09:46:06	Height	TEN
2013-02-22T09:46:06	Julabo_1	25.36
2013-02-22T09:46:22	Chopper	25
2013-02-22T09:46:37	Height	TEN
2013-02-22T09:46:56	Julabo_1	25.3
2013-02-22T09:47:07	Height	TEN
2013-02-22T09:47:22	Chopper	25
2013-02-22T09:47:26	Julabo_1	25.38
2013-02-22T09:47:37	Height	TEN
2013-02-22T09:48:08	Height	TEN
2013-02-22T09:48:23	Chopper	25
2013-02-22T09:48:38	Height	TEN
2013-02-22T09:48:45	Julabo_1	25.43
2013-02-22T09:49:09	Height	TEN
2013-02-22T09:49:21	Julabo_1	25.38
2013-02-22T09:49:23	Chopper	25
2013-02-22T09:49:39	Height	TEN
2013-02-22T09:49:51	Julabo_1	25.47
2013-02-22T09:50:09	Height	TEN
2013-02-22T09:50:22	Julabo_1	25.38
2013-02-22T09:50:24	Chopper	25
2013-02-22T09:50:39	Height	TEN
2013-02-22T09:50:52	Julabo_1	25.28
2013-02-22T09:51:10	Height	TEN
2013-02-22T09:51:23	Julabo_1	25.51
2013-02-22T09:51:24	Chopper	25
2013-02-22T09:51:41	Height	TEN
2013-02-22T09:52:00	Julabo_1	25.46
2013-02-22T09:52:11	Height	TEN
2013-02-22T09:52:25	Chopper	25
2013-02-22T09:52:30	Julabo_1	25.39
2013-02-22T09:52:41	Height	TEN
2013-02-22T09:53:11	Height	TEN
2013-02-22T09:53:14	Julabo_1	25.34
2013-02-22T09:53:26	Chopper	25
2013-02-22T09:53:42	Height	TEN
2013-02-22T09:53:44	Julabo_1	25.42
2013-02-22T09:54:12	Height	TEN
2013-02-22T09:54:20	Julabo_1	25.37
2013-02-22T09:54:26	Chopper	25
2013-02-22T09:54:42	Height	TEN
2013-02-22T09:54:51	Julabo_1	25.48
2013-02-22T09:55:13	Height	TEN
2013-02-22T09:55:21	Julabo_1	25.33
2013-02-22T09:55:26	Chopper	24.99
2013-02-22T09:55:44	Height	TEN
2013-02-22T09:55:52	Julabo_1	25.42
2013-02-22T09:56:15	Height	TEN
2013-02-22T09:56:22	Julabo_1	25.33
2013-02-22T09:56:27	Chopper	25
2013-02-22T09:56:45	Height	TEN
2013-02-22T09:56:53	Julabo_1	25.39
2013-02-22T09:57:15	Height	TEN
2013-02-22T09:57:27	Chopper	25
2013-02-22T09:57:31	Julabo_1	25.34
2013-02-22T09:57:46	Height	TEN
2013-02-22T09:58:02	Julabo_1	25.47
2013-02-22T09:58:17	Height	TEN
2013-02-22T09:58:28	Chopper	25
2013-02-22T09:58:34	Julabo_1	25.4
2013-02-22T09:58:48	Height	TEN
2013-02-22T09:59:18	Height	TEN
2013-02-22T09:59:28	Chopper	25
2013-02-22T09:59:47	Julabo_1	25.34
2013-02-22T09:59:48	Height	TEN
2013-02-22T10:00:18	Julabo_1	25.57
2013-02-22T10:00:19	Height	TEN
2013-02-22T10:00:29	Chopper	25
2013-02-22T10:00:48	Julabo_1	25.41
2013-02-22T10:00:49	Height	TEN
2013-02-22T10:01:18	Julabo_1	25.35
2013-02-22T10:01:19	Height	TEN
2013-02-22T10:01:30	Chopper	25
2013-02-22T10:01:48	Julabo_1	25.41
2013-02-22T10:01:50	Height	TEN
2013-02-22T10:02:20	Height	TEN
2013-02-22T10:02:27	Julabo_1	25.46
2013-02-22T10:02:30	Chopper	25
2013-02-22T10:02:50	Height	TEN
2013-02-22T10:03:05	Julabo_1	25.4
2013-02-22T10:03:21	Height	TEN
2013-02-22T10:03:31	Chopper	25
2013-02-22T10:03:35	Julabo_1	25.46
2013-02-22T10:03:51	Height	TEN
2013-02-22T10:04:11	Julabo_1	25.51
2013-02-22T10:04:22	Height	TEN
2013-02-22T10:04:31	Chopper	25
2013-02-22T10:04:42	Julabo_1	25.45
2013-02-22T10:04:53	Height	TEN
2013-02-22T10:05:16	Julabo_1	25.4
2013-02-22T10:05:23	Height	TEN
2013-02-22T10:05:32	Chopper	25
2013-02-22T10:05:47	Julabo_1	25.3
2013-02-22T10:05:54	Height	TEN
2013-02-22T10:06:17	Julabo_1	25.44
2013-02-22T10:06:25	Height	TEN
2013-02-22T10:06:32	Chopper	25
2013-02-22T10:06:56	Height	TEN
2013-02-22T10:07:00	Julabo_1	25.39
2013-02-22T10:07:26	Height	TEN
2013-02-22T10:07:31	Julabo_1	25.34
2013-02-22T10:07:32	Chopper	24.99
2013-02-22T10:07:56	Height	TEN
2013-02-22T10:08:01	Julabo_1	25.41
2013-02-22T10:08:26	Height	TEN
2013-02-22T10:08:32	Julabo_1	25.36
2013-02-22T10:08:33	Chopper	25
2013-02-22T10:08:57	Height	TEN
2013-02-22T10:09:16	Julabo_1	25.41
2013-02-22T10:09:28	Height	TEN
2013-02-22T10:09:33	Chopper	25
2013-02-22T10:09:49	Julabo_1	25.34
2013-02-22T10:09:59	Height	TEN
2013-02-22T10:10:22	Julabo_1	25.29
2013-02-22T10:10:29	Height	TEN
2013-02-22T10:10:33	Chopper	25
2013-02-22T10:10:53	Julabo_1	25.4
2013-02-22T10:10:59	Height	TEN
2013-02-22T10:11:30	Height	TEN
2013-02-22T10:11:33	Chopper	25
2013-02-22T10:11:43	Julabo_1	25.45
2013-02-22T10:12:00	Height	TEN
2013-02-22T10:12:13	Julabo_1	25.39
2013-02-22T10:12:30	Height	TEN
2013-02-22T10:12:33	Chopper	25
2013-02-22T10:12:59	Julabo_1	25.34
2013-02-22T10:13:01	Height	TEN
2013-02-22T10:13:31	Height	TEN
2013-02-22T10:13:32	Julabo_1	25.39
2013-02-22T10:13:34	Chopper	25
2013-02-22T10:14:01	Height	TEN
2013-02-22T10:14:05	Julabo_1	25.33
2013-02-22T10:14:32	Height	TEN
2013-02-22T10:14:35	Chopper	25
2013-02-22T10:14:35	Julabo_1	25.39
2013-02-22T10:15:02	Height	TEN
2013-02-22T10:15:06	Julabo_1	25.44
2013-02-22T10:15:32	Height	TEN
2013-02-22T10:15:35	Chopper	25
2013-02-22T10:15:37	Julabo_1	25.38
2013-02-22T10:16:02	Height	TEN
2013-02-22T10:16:07	Julabo_1	25.43
2013-02-22T10:16:32	Height	TEN
2013-02-22T10:16:35	Chopper	25
2013-02-22T10:16:37	Julabo_1	25.38
2013-02-22T10:17:02	Height	TEN
2013-02-22T10:17:13	Julabo_1	25.43
2013-02-22T10:17:32	Height	TEN
2013-02-22T10:17:35	Chopper	25
2013-02-22T10:17:51	Julabo_1	25.38
2013-02-22T10:18:03	Height	TEN
2013-02-22T10:18:23	Julabo_1	25.43
2013-02-22T10:18:34	Height	TEN
2013-02-22T10:18:35	Chopper	25
2013-02-22T10:18:53	Julabo_1	25.33
2013-02-22T10:19:04	Height	TEN
2013-02-22T10:19:23	Julabo_1	25.48
2013-02-22T10:19:35	Chopper	25
2013-02-22T10:19:35	Height	TEN
2013-02-22T10:20:00	Julabo_1	25.42
2013-02-22T10:20:05	Height	TEN
2013-02-22T10:20:35	Chopper	25
2013-02-22T10:20:35	Height	TEN
2013-02-22T10:20:45	Julabo_1	25.37
2013-02-22T10:21:06	Height	TEN
2013-02-22T10:21:18	Julabo_1	25.44
2013-02-22T10:21:36	Chopper	25
2013-02-22T10:21:36	Height	TEN
2013-02-22T10:22:01	Julabo_1	25.39
2013-02-22T10:22:07	Height	TEN
2013-02-22T10:22:37	Chopper	24.99
2013-02-22T10:22:37	Height	TEN
2013-02-22T10:23:08	Height	TEN
2013-02-22T10:23:20	Julabo_1	25.44
2013-02-22T10:23:38	Chopper	25
2013-02-22T10:23:39	Height	TEN
2013-02-22T10:23:52	Julabo_1	25.38
2013-02-22T10:24:10	Height	TEN
2013-02-22T10:24:27	Julabo_1	25.33
2013-02-22T10:24:39	Chopper	25
2013-02-22T10:24:41	Height	TEN
2013-02-22T10:25:04	Julabo_1	25.38
2013-02-22T10:25:12	Height	TEN
2013-02-22T10:25:37	Julabo_1	25.33
2013-02-22T10:25:39	Chopper	24.99
2013-02-22T10:25:43	Height	TEN
2013-02-22T10:26:11	Julabo_1	25.39
2013-02-22T10:26:13	Height	TEN
2013-02-22T10:26:39	Chopper	25
2013-02-22T10:26:41	Julabo_1	25.34
2013-02-22T10:26:44	Height	TEN
2013-02-22T10:27:14	Height	TEN
2013-02-22T10:27:15	Julabo_1	25.41
2013-02-22T10:27:40	Chopper	25
2013-02-22T10:27:44	Height	TEN
2013-02-22T10:28:08	Julabo_1	25.36
2013-02-22T10:28:14	Height	TEN
2013-02-22T10:28:39	Julabo_1	25.48
2013-02-22T10:28:40	Chopper	25
2013-02-22T10:28:44	Height	TEN
2013-02-22T10:29:10	Julabo_1	25.42
2013-02-22T10:29:15	Height	TEN
2013-02-22T10:29:41	Chopper	25
2013-02-22T10:29:41	Julabo_1	25.29
2013-02-22T10:29:46	Height	TEN
2013-02-22T10:30:11	Julabo_1	25.38
2013-02-22T10:30:16	Height	TEN
2013-02-22T10:30:41	Chopper	25
2013-02-22T10:30:46	Height	TEN
2013-02-22T10:30:48	Julabo_1	25.33
2013-02-22T10:31:17	Height	TEN
2013-02-22T10:31:19	Julabo_1	25.44
2013-02-22T10:31:42	Chopper	25
2013-02-22T10:31:47	Height	TEN
2013-02-22T10:31:49	Julabo_1	25.53
2013-02-22T10:32:18	Height	TEN
2013-02-22T10:32:19	Julabo_1	25.42
2013-02-22T10:32:42	Chopper	25
2013-02-22T10:32:49	Height	TEN
2013-02-22T10:32:49	Julabo_1	25.5
2013-02-22T10:33:19	Height	TEN
2013-02-22T10:33:19	Julabo_1	25.34
2013-02-22T10:33:42	Chopper	25
2013-02-22T10:33:50	Height	TEN
2013-02-22T10:34:03	Julabo_1	25.39
2013-02-22T10:34:21	Height	TEN
2013-02-22T10:34:38	Julabo_1	25.44
2013-02-22T10:34:43	Chopper	25
2013-02-22T10:34:52	Height	TEN
2013-02-22T10:35:08	Julabo_1	25.38
2013-02-22T10:35:22	Height	TEN
2013-02-22T10:35:43	Chopper	25
2013-02-22T10:35:52	Height	TEN
2013-02-22T10:35:59	Julabo_1	25.43
2013-02-22T10:36:23	Height	TEN
2013-02-22T10:36:30	Julabo_1	25.3
2013-02-22T10:36:44	Chopper	25
2013-02-22T10:36:54	Height	TEN
2013-02-22T10:37:00	Julabo_1	25.42
2013-02-22T10:37:24	Height	TEN
2013-02-22T10:37:44	Chopper	25
2013-02-22T10:37:50	Julabo_1	25.37
2013-02-22T10:37:54	Height	TEN
2013-02-22T10:38:20	Julabo_1	25.42
2013-02-22T10:38:24	Height	TEN
2013-02-22T10:38:45	Chopper	25
2013-02-22T10:38:51	Julabo_1	25.35
2013-02-22T10:38:55	Height	TEN
2013-02-22T10:39:25	Height	TEN
2013-02-22T10:39:30	Julabo_1	25.41
2013-02-22T10:39:45	Chopper	25
2013-02-22T10:39:55	Height	TEN
2013-02-22T10:40:25	Height	TEN
2013-02-22T10:40:26	Julabo_1	25.36
2013-02-22T10:40:45	Chopper	25
2013-02-22T10:40:56	Height	TEN
2013-02-22T10:40:57	Julabo_1	25.45
2013-02-22T10:41:27	Height	TEN
2013-02-22T10:41:27	Julabo_1	25.39
2013-02-22T10:41:46	Chopper	25
2013-02-22T10:41:58	Height	TEN
2013-02-22T10:42:04	Julabo_1	25.34
2013-02-22T10:42:28	Height	TEN
2013-02-22T10:42:38	Julabo_1	25.39
2013-02-22T10:42:46	Chopper	25
2013-02-22T10:42:59	Height	TEN
2013-02-22T10:43:27	Julabo_1	25.33
2013-02-22T10:43:30	Height	TEN
2013-02-22T10:43:47	Chopper	25
2013-02-22T10:44:00	Height	TEN
2013-02-22T10:44:08	Julabo_1	25.38
2013-02-22T10:44:30	Height	TEN
2013-02-22T10:44:39	Julabo_1	25.43
2013-02-22T10:44:47	Chopper	25
2013-02-22T10:45:00	Height	TEN
2013-02-22T10:45:10	Julabo_1	25.38
2013-02-22T10:45:31	Height	TEN
2013-02-22T10:45:40	Julabo_1	25.44
2013-02-22T10:45:48	Chopper	25
2013-02-22T10:46:02	Height	TEN
2013-02-22T10:46:10	Julabo_1	25.37
2013-02-22T10:46:32	Height	TEN
2013-02-22T10:46:44	Julabo_1	25.31
2013-02-22T10:46:49	Chopper	25
2013-02-22T10:47:03	Height	TEN
2013-02-22T10:47:14	Julabo_1	25.41
2013-02-22T10:47:33	Height	TEN
2013-02-22T10:47:49	Chopper	25
2013-02-22T10:47:51	Julabo_1	25.46
2013-02-22T10:48:03	Height	TEN
2013-02-22T10:48:23	Julabo_1	25.41
2013-02-22T10:48:34	Height	TEN
2013-02-22T10:48:50	Chopper	25
2013-02-22T10:48:54	Julabo_1	25.46
2013-02-22T10:49:04	Height	TEN
2013-02-22T10:49:24	Julabo_1	25.38
2013-02-22T10:49:34	Height	TEN
2013-02-22T10:49:50	Chopper	25
2013-02-22T10:50:04	Height	TEN
2013-02-22T10:50:08	Julabo_1	25.43
2013-02-22T10:50:35	Height	TEN
2013-02-22T10:50:39	Julabo_1	25.38
2013-02-22T10:50:51	Chopper	25
2013-02-22T10:51:06	Height	TEN
2013-02-22T10:51:23	Julabo_1	25.43
2013-02-22T10:51:27	Shutter	CLOSED
2013-02-22T10:51:37	Height	TEN
2013-02-22T10:51:52	Chopper	25
2013-02-22T10:51:57	Julabo_1	25.48
2013-02-22T10:52:08	Height	TEN
2013-02-22T10:52:28	Julabo_1	25.33
2013-02-22T10:52:38	Height	TEN
2013-02-22T10:52:52	Chopper	25
2013-02-22T10:52:59	Julabo_1	25.4
2013-02-22T10:53:09	Height	TEN
2013-02-22T10:53:35	Julabo_1	25.46
2013-02-22T10:53:39	Height	TEN
2013-02-22T10:53:52	Chopper	25
2013-02-22T10:54:06	Julabo_1	25.41
2013-02-22T10:54:10	Height	TEN
2013-02-22T10:54:40	Height	TEN
2013-02-22T10:54:43	Julabo_1	25.36
2013-02-22T10:54:53	Chopper	25
2013-02-22T10:55:11	Height	TEN
2013-02-22T10:55:14	Julabo_1	25.42
2013-02-22T10:55:41	Height	TEN
2013-02-22T10:55:53	Chopper	25
2013-02-22T10:55:53	Julabo_1	25.37
2013-02-22T10:56:12	Height	TEN
2013-02-22T10:56:42	Height	TEN
2013-02-22T10:56:54	Chopper	25
2013-02-22T10:57:12	Height	TEN
2013-02-22T10:57:15	Julabo_1	25.42
2013-02-22T10:57:42	Height	TEN
2013-02-22T10:57:46	Julabo_1	25.48
2013-02-22T10:57:55	Chopper	25
2013-02-22T10:58:13	Height	TEN
2013-02-22T10:58:17	Julabo_1	25.4
2013-02-22T10:58:44	Height	TEN
2013-02-22T10:58:52	Julabo_1	25.34
2013-02-22T10:58:55	Chopper	24.99
2013-02-22T10:59:14	Height	TEN
2013-02-22T10:59:23	Julabo_1	25.43
2013-02-22T10:59:44	Height	TEN
2013-02-22T10:59:55	Chopper	25
2013-02-22T10:59:57	Julabo_1	25.38
2013-02-22T11:00:15	Height	TEN
2013-02-22T11:00:28	Julabo_1	25.33
2013-02-22T11:00:45	Height	TEN
2013-02-22T11:00:56	Chopper	25
2013-02-22T11:00:58	Julabo_1	25.5
2013-02-22T11:01:15	Height	TEN
2013-02-22T11:01:32	Julabo_1	25.45
2013-02-22T11:01:46	Height	TEN
2013-02-22T11:01:56	Chopper	25
2013-02-22T11:02:03	Julabo_1	25.37
2013-02-22T11:02:17	Height	TEN
2013-02-22T11:02:48	Height	TEN
2013-02-22T11:02:51	Julabo_1	25.32
2013-02-22T11:02:57	Chopper	25
2013-02-22T11:03:19	Height	TEN
2013-02-22T11:03:21	Julabo_1	25.41
2013-02-22T11:03:49	Height	TEN
2013-02-22T11:03:57	Chopper	25
2013-02-22T11:04:20	Height	TEN
2013-02-22T11:04:20	Julabo_1	25.35
2013-02-22T11:04:50	Height	TEN
2013-02-22T11:04:50	Julabo_1	25.3
2013-02-22T11:04:58	Chopper	25
2013-02-22T11:05:20	Height	TEN
2013-02-22T11:05:20	Julabo_1	25.35
2013-02-22T11:05:50	Height	TEN
2013-02-22T11:05:58	Chopper	25
2013-02-22T11:06:12	Julabo_1	25.41
2013-02-22T11:06:20	Height	TEN
2013-02-22T11:06:43	Julabo_1	25.46
2013-02-22T11:06:51	Height	TEN
2013-02-22T11:06:59	Chopper	25
2013-02-22T11:07:13	Julabo_1	25.4
2013-02-22T11:07:21	Height	TEN
2013-02-22T11:07:52	Height	TEN
2013-02-22T11:07:59	Chopper	25
2013-02-22T11:08:02	Julabo_1	25.45
2013-02-22T11:08:22	Height	TEN
2013-02-22T11:08:32	Julabo_1	25.5
2013-02-22T11:08:52	Height	TEN
2013-02-22T11:09:00	Chopper	25
2013-02-22T11:09:03	Julabo_1	25.43
2013-02-22T11:09:23	Height	TEN
2013-02-22T11:09:46	Julabo_1	25.38
2013-02-22T11:09:53	Height	TEN
2013-02-22T11:10:00	Chopper	25
2013-02-22T11:10:16	Julabo_1	25.31
2013-02-22T11:10:23	Height	TEN
2013-02-22T11:10:53	Height	TEN
2013-02-22T11:10:53	Julabo_1	25.37
2013-02-22T11:11:00	Chopper	25
2013-02-22T11:11:23	Height	TEN
2013-02-22T11:11:49	Julabo_1	25.43
2013-02-22T11:11:53	Height	TEN
2013-02-22T11:12:00	Chopper	25
2013-02-22T11:12:23	Height	TEN
2013-02-22T11:12:23	Julabo_1	25.37
2013-02-22T11:12:53	Height	TEN
2013-02-22T11:12:57	Julabo_1	25.43
2013-02-22T11:13:00	Chopper	25
2013-02-22T11:13:23	Height	TEN
2013-02-22T11:13:37	Julabo_1	25.36
2013-02-22T11:13:53	Height	TEN
2013-02-22T11:14:00	Chopper	25
2013-02-22T11:14:07	Julabo_1	25.44
2013-02-22T11:14:23	Height	TEN
2013-02-22T11:14:37	Julabo_1	25.39
2013-02-22T11:14:53	Height	TEN
2013-02-22T11:15:00	Chopper	25
2013-02-22T11:15:07	Julabo_1	25.45
2013-02-22T11:15:23	Height	TEN
2013-02-22T11:15:37	Julabo_1	25.38
2013-02-22T11:15:53	Height	TEN
2013-02-22T11:16:00	Chopper	24.99
2013-02-22T11:16:07	Julabo_1	25.44
2013-02-22T11:16:24	Height	TEN
2013-02-22T11:16:30	Det_Temp	21.8910505836576
2013-02-22T11:16:42	Julabo_1	25.39
2013-02-22T11:16:55	Height	TEN
2013-02-22T11:17:00	Chopper	25
2013-02-22T11:17:21	Julabo_1	25.48
2013-02-22T11:17:26	Height	TEN
2013-02-22T11:17:52	Julabo_1	25.32
2013-02-22T11:17:56	Height	TEN
2013-02-22T11:18:00	Chopper	25
2013-02-22T11:18:22	Julabo_1	25.42
2013-02-22T11:18:27	Height	TEN
2013-02-22T11:18:57	Height	TEN
2013-02-22T11:19:01	Chopper	25
2013-02-22T11:19:27	Height	TEN
2013-02-22T11:19:32	Julabo_1	25.37
2013-02-22T11:19:58	Height	TEN
2013-02-22T11:20:01	Chopper	25
2013-02-22T11:20:05	Julabo_1	25.42
2013-02-22T11:20:28	Height	TEN
2013-02-22T11:20:36	Julabo_1	25.33
2013-02-22T11:20:59	Height	TEN
2013-02-22T11:21:02	Chopper	25
2013-02-22T11:21:08	Julabo_1	25.39
2013-02-22T11:21:30	Height	TEN
2013-02-22T11:21:48	Julabo_1	25.45
2013-02-22T11:22:01	Height	TEN
2013-02-22T11:22:03	Chopper	25
2013-02-22T11:22:24	Julabo_1	25.4
2013-02-22T11:22:31	Height	TEN
2013-02-22T11:22:56	Julabo_1	25.34
2013-02-22T11:23:02	Height	TEN
2013-02-22T11:23:03	Chopper	25
2013-02-22T11:23:27	Julabo_1	25.45
2013-02-22T11:23:33	Height	TEN
2013-02-22T11:23:57	Julabo_1	25.34
2013-02-22T11:24:03	Chopper	25
2013-02-22T11:24:03	Height	TEN
2013-02-22T11:24:28	Julabo_1	25.29
2013-02-22T11:24:34	Height	TEN
2013-02-22T11:24:58	Julabo_1	25.4
2013-02-22T11:25:04	Chopper	25
2013-02-22T11:25:04	Height	TEN
2013-02-22T11:25:34	Height	TEN
2013-02-22T11:25:50	Julabo_1	25.34
2013-02-22T11:26:04	Chopper	25
2013-02-22T11:26:05	Height	TEN
2013-02-22T11:26:21	Julabo_1	25.4
2013-02-22T11:26:36	Height	TEN
2013-02-22T11:26:51	Julabo_1	25.31
2013-02-22T11:27:04	Chopper	25
2013-02-22T11:27:06	Height	TEN
2013-02-22T11:27:22	Julabo_1	25.45
2013-02-22T11:27:37	Height	TEN
2013-02-22T11:27:56	Julabo_1	25.4
2013-02-22T11:28:04	Chopper	25
2013-02-22T11:28:07	Height	TEN
2013-02-22T11:28:34	Julabo_1	25.33
2013-02-22T11:28:38	Height	TEN
2013-02-22T11:29:04	Chopper	25
2013-02-22T11:29:09	Height	TEN
2013-02-22T11:29:17	Julabo_1	25.38
2013-02-22T11:29:40	Height	TEN
2013-02-22T11:29:53	Julabo_1	25.44
2013-02-22T11:30:04	Chopper	25
2013-02-22T11:30:11	Height	TEN
2013-02-22T11:30:26	Julabo_1	25.39
2013-02-22T11:30:42	Height	TEN
2013-02-22T11:30:57	Julabo_1	25.52
2013-02-22T11:31:05	Chopper	25
2013-02-22T11:31:13	Height	TEN
2013-02-22T11:31:27	Julabo_1	25.36
2013-02-22T11:31:43	Height	TEN
2013-02-22T11:32:06	Chopper	25
2013-02-22T11:32:09	Julabo_1	25.41
2013-02-22T11:32:14	Height	TEN
2013-02-22T11:32:43	Julabo_1	25.47
2013-02-22T11:32:45	Height	TEN
2013-02-22T11:33:06	Chopper	25
2013-02-22T11:33:13	Julabo_1	25.32
2013-02-22T11:33:15	Height	TEN
2013-02-22T11:33:45	Height	TEN
2013-02-22T11:33:48	Julabo_1	25.37
2013-02-22T11:34:07	Chopper	25
2013-02-22T11:34:16	Height	TEN
2013-02-22T11:34:20	Julabo_1	25.44
2013-02-22T11:34:47	Height	TEN
2013-02-22T11:34:51	Julabo_1	25.39
2013-02-22T11:35:07	Chopper	25
2013-02-22T11:35:17	Height	TEN
2013-02-22T11:35:24	Julabo_1	25.34
2013-02-22T11:35:47	Height	TEN
2013-02-22T11:35:54	Julabo_1	25.42
2013-02-22T11:36:07	Chopper	25
2013-02-22T11:36:17	Height	TEN
2013-02-22T11:36:30	Det_Temp	21.7354085603113
2013-02-22T11:36:43	Julabo_1	25.37
2013-02-22T11:36:47	Height	TEN
2013-02-22T11:37:07	Chopper	25
2013-02-22T11:37:17	Height	TEN
2013-02-22T11:37:23	Julabo_1	25.42
2013-02-22T11:37:47	Height	TEN
2013-02-22T11:37:56	Julabo_1	25.37
2013-02-22T11:38:07	Chopper	25
2013-02-22T11:38:17	Height	TEN
2013-02-22T11:38:47	Height	TEN
2013-02-22T11:38:55	Julabo_1	25.43
2013-02-22T11:39:07	Chopper	25
2013-02-22T11:39:17	Height	TEN
2013-02-22T11:39:25	Julabo_1	25.37
2013-02-22T11:39:47	Height	TEN
2013-02-22T11:39:56	Julabo_1	25.61
2013-02-22T11:40:07	Chopper	25
2013-02-22T11:40:17	Height	TEN
2013-02-22T11:40:26	Julabo_1	25.39
2013-02-22T11:40:48	Height	TEN
2013-02-22T11:41:01	Julabo_1	25.44
2013-02-22T11:41:07	Chopper	25
2013-02-22T11:41:18	Height	TEN
2013-02-22T11:41:45	Julabo_1	25.39
2013-02-22T11:41:48	Height	TEN
2013-02-22T11:42:07	Chopper	25
2013-02-22T11:42:18	Height	TEN
2013-02-22T11:42:35	Julabo_1	25.44
2013-02-22T11:42:48	Height	TEN
2013-02-22T11:43:05	Julabo_1	25.38
2013-02-22T11:43:08	Chopper	25
2013-02-22T11:43:18	Height	TEN
2013-02-22T11:43:36	Julabo_1	25.32
2013-02-22T11:43:48	Height	TEN
2013-02-22T11:44:08	Chopper	25
2013-02-22T11:44:15	Julabo_1	25.39
2013-02-22T11:44:19	Height	TEN
2013-02-22T11:44:49	Height	TEN
2013-02-22T11:45:09	Chopper	25
2013-02-22T11:45:19	Height	TEN
2013-02-22T11:45:25	Julabo_1	25.44
2013-02-22T11:45:49	Height	TEN
2013-02-22T11:46:09	Chopper	25
2013-02-22T11:46:20	Height	TEN
2013-02-22T11:46:21	Julabo_1	25.39
2013-02-22T11:46:50	Height	TEN
2013-02-22T11:46:51	Julabo_1	25.46
2013-02-22T11:47:09	Chopper	25
2013-02-22T11:47:20	Height	TEN
2013-02-22T11:47:21	Julabo_1	25.36
2013-02-22T11:47:51	Height	TEN
2013-02-22T11:47:51	Julabo_1	25.41
2013-02-22T11:48:09	Chopper	25
2013-02-22T11:48:21	Height	TEN
2013-02-22T11:48:38	Julabo_1	25.36
2013-02-22T11:48:51	Height	TEN
2013-02-22T11:49:08	Julabo_1	25.42
2013-02-22T11:49:09	Chopper	25
2013-02-22T11:49:21	Height	TEN
2013-02-22T11:49:47	Julabo_1	25.36
2013-02-22T11:49:51	Height	TEN
2013-02-22T11:50:09	Chopper	25
2013-02-22T11:50:17	Julabo_1	25.28
2013-02-22T11:50:21	Height	TEN
2013-02-22T11:50:47	Julabo_1	25.45
2013-02-22T11:50:51	Height	TEN
2013-02-22T11:51:09	Chopper	25
2013-02-22T11:51:17	Julabo_1	25.37
2013-02-22T11:51:21	Height	TEN
2013-02-22T11:51:52	Height	TEN
2013-02-22T11:52:00	Julabo_1	25.43
2013-02-22T11:52:09	Chopper	25
2013-02-22T11:52:22	Height	TEN
2013-02-22T11:52:48	Julabo_1	25.38
2013-02-22T11:52:53	Height	TEN
2013-02-22T11:53:10	Chopper	25
2013-02-22T11:53:19	Julabo_1	25.33
2013-02-22T11:53:24	Height	TEN
2013-02-22T11:53:50	Julabo_1	25.41
2013-02-22T11:53:54	Height	TEN
2013-02-22T11:54:11	Chopper	25
2013-02-22T11:54:25	Height	TEN
2013-02-22T11:54:38	Julabo_1	25.36
2013-02-22T11:54:56	Height	TEN
2013-02-22T11:55:09	Julabo_1	25.41
2013-02-22T11:55:12	Chopper	25
2013-02-22T11:55:26	Height	TEN
2013-02-22T11:55:39	Julabo_1	25.52
2013-02-22T11:55:56	Height	TEN
2013-02-22T11:56:10	Julabo_1	25.38
2013-02-22T11:56:12	Chopper	25
2013-02-22T11:56:27	Height	TEN
2013-02-22T11:56:41	Julabo_1	25.44
2013-02-22T11:56:57	Height	TEN
2013-02-22T11:57:12	Chopper	25
2013-02-22T11:57:22	Julabo_1	25.39
2013-02-22T11:57:28	Height	TEN
2013-02-22T11:57:54	Julabo_1	25.44
2013-02-22T11:57:58	Height	TEN
2013-02-22T11:58:12	Chopper	25
2013-02-22T11:58:25	Julabo_1	25.38
2013-02-22T11:58:29	Height	TEN
2013-02-22T11:58:55	Julabo_1	25.33
2013-02-22T11:59:00	Height	TEN
2013-02-22T11:59:12	Chopper	25
2013-02-22T11:59:31	Height	TEN
2013-02-22T11:59:34	Julabo_1	25.39
2013-02-22T12:00:02	Height	TEN
2013-02-22T12:00:13	Chopper	25
2013-02-22T12:00:18	Julabo_1	25.34
2013-02-22T12:00:33	Height	TEN
2013-02-22T12:00:49	Julabo_1	25.39
2013-02-22T12:01:04	Height	TEN
2013-02-22T12:01:13	Chopper	25
2013-02-22T12:01:35	Height	TEN
2013-02-22T12:01:40	Julabo_1	25.44
2013-02-22T12:02:05	Height	TEN
2013-02-22T12:02:14	Chopper	25
2013-02-22T12:02:22	Julabo_1	25.38
2013-02-22T12:02:36	Height	TEN
2013-02-22T12:03:02	Julabo_1	25.44
2013-02-22T12:03:07	Height	TEN
2013-02-22T12:03:14	Chopper	25
2013-02-22T12:03:32	Julabo_1	25.39
2013-02-22T12:03:37	Height	TEN
2013-02-22T12:03:57	Det_Temp	21.8599221789883
2013-02-22T12:04:07	Height	TEN
2013-02-22T12:04:13	Julabo_1	25.34
2013-02-22T12:04:14	Chopper	25
2013-02-22T12:04:38	Height	TEN
2013-02-22T12:04:44	Julabo_1	25.45
2013-02-22T12:05:09	Height	TEN
2013-02-22T12:05:14	Chopper	25
2013-02-22T12:05:14	Julabo_1	25.4
2013-02-22T12:05:39	Height	TEN
2013-02-22T12:06:10	Height	TEN
2013-02-22T12:06:14	Chopper	25
2013-02-22T12:06:15	Julabo_1	25.45
2013-02-22T12:06:40	Height	TEN
2013-02-22T12:06:45	Julabo_1	25.36
2013-02-22T12:07:10	Height	TEN
2013-02-22T12:07:14	Chopper	25
2013-02-22T12:07:20	Julabo_1	25.41
2013-02-22T12:07:41	Height	TEN
2013-02-22T12:07:52	Julabo_1	25.46
2013-02-22T12:08:11	Height	TEN
2013-02-22T12:08:14	Chopper	24.99
2013-02-22T12:08:25	Julabo_1	25.41
2013-02-22T12:08:42	Height	TEN
2013-02-22T12:08:58	Julabo_1	25.47
2013-02-22T12:09:12	Height	TEN
2013-02-22T12:09:14	Chopper	25
2013-02-22T12:09:28	Julabo_1	25.36
2013-02-22T12:09:43	Height	TEN
2013-02-22T12:09:59	Julabo_1	25.41
2013-02-22T12:10:13	Height	TEN
2013-02-22T12:10:14	Chopper	25
2013-02-22T12:10:44	Height	TEN
2013-02-22T12:11:15	Chopper	24.99
2013-02-22T12:11:15	Height	TEN
2013-02-22T12:11:24	Julabo_1	25.36
2013-02-22T12:11:45	Height	TEN
2013-02-22T12:11:54	Julabo_1	25.43
2013-02-22T12:12:15	Chopper	25
2013-02-22T12:12:15	Height	TEN
2013-02-22T12:12:45	Height	TEN
2013-02-22T12:12:51	Julabo_1	25.38
2013-02-22T12:13:15	Chopper	25
2013-02-22T12:13:15	Height	TEN
2013-02-22T12:13:26	Julabo_1	25.44
2013-02-22T12:13:45	Height	TEN
2013-02-22T12:13:56	Julabo_1	25.38
2013-02-22T12:14:15	Chopper	25
2013-02-22T12:14:15	Height	TEN
2013-02-22T12:14:41	Julabo_1	25.33
2013-02-22T12:14:45	Height	TEN
2013-02-22T12:15:15	Chopper	25
2013-02-22T12:15:15	Height	TEN
2013-02-22T12:15:21	Julabo_1	25.4
2013-02-22T12:15:46	Height	TEN
2013-02-22T12:16:15	Chopper	25
2013-02-22T12:16:16	Height	TEN
2013-02-22T12:16:38	Julabo_1	25.34
2013-02-22T12:16:46	Height	TEN
2013-02-22T12:17:09	Julabo_1	25.41
2013-02-22T12:17:16	Chopper	25
2013-02-22T12:17:17	Height	TEN
2013-02-22T12:17:40	Julabo_1	25.34
2013-02-22T12:17:47	Height	TEN
2013-02-22T12:18:10	Eurotherm_3	24.9622207735032
2013-02-22T12:18:16	Chopper	25
2013-02-22T12:18:18	Height	TEN
2013-02-22T12:18:19	Julabo_1	25.39
2013-02-22T12:18:41	Eurotherm_3	24.8591154520278
2013-02-22T12:18:49	Height	TEN
2013-02-22T12:19:12	Eurotherm_3	24.6529143031626
2013-02-22T12:19:14	Julabo_1	25.34
2013-02-22T12:19:17	Chopper	25
2013-02-22T12:19:19	Height	TEN
2013-02-22T12:19:43	Eurotherm_3	24.4467258111365
2013-02-22T12:19:44	Julabo_1	25.42
2013-02-22T12:19:49	Height	TEN
2013-02-22T12:20:14	Eurotherm_3	24.3436363107098
2013-02-22T12:20:18	Chopper	25
2013-02-22T12:20:20	Height	TEN
2013-02-22T12:20:25	Julabo_1	25.36
2013-02-22T12:20:44	Eurotherm_3	24.240549973619
2013-02-22T12:20:50	Height	TEN
2013-02-22T12:21:04	Julabo_1	25.42
2013-02-22T12:21:18	Chopper	25
2013-02-22T12:21:20	Height	TEN
2013-02-22T12:21:37	Eurotherm_3	24.137466799573
2013-02-22T12:21:44	Julabo_1	25.48
2013-02-22T12:21:51	Height	TEN
2013-02-22T12:22:19	Chopper	25
2013-02-22T12:22:19	Julabo_1	25.42
2013-02-22T12:22:22	Height	TEN
2013-02-22T12:22:44	Eurotherm_3	24.0343867882804
2013-02-22T12:22:51	Julabo_1	25.37
2013-02-22T12:22:52	Height	TEN
2013-02-22T12:23:19	Chopper	25
2013-02-22T12:23:22	Height	TEN
2013-02-22T12:23:37	Julabo_1	25.42
2013-02-22T12:23:53	Height	TEN
2013-02-22T12:24:00	Det_Temp	21.7354085603113
2013-02-22T12:24:08	Julabo_1	25.37
2013-02-22T12:24:20	Chopper	25
2013-02-22T12:24:23	Height	TEN
2013-02-22T12:24:53	Height	TEN
2013-02-22T12:24:53	Eurotherm_3	24.137466799573
2013-02-22T12:24:56	Julabo_1	25.42
2013-02-22T12:25:20	Chopper	25
2013-02-22T12:25:23	Height	TEN
2013-02-22T12:25:27	Julabo_1	25.48
2013-02-22T12:25:32	Eurotherm_3	24.0343867882804
2013-02-22T12:25:54	Height	TEN
2013-02-22T12:25:58	Julabo_1	25.28
2013-02-22T12:26:20	Chopper	25
2013-02-22T12:26:25	Height	TEN
2013-02-22T12:26:29	Julabo_1	25.39
2013-02-22T12:26:55	Height	TEN
2013-02-22T12:26:59	Julabo_1	25.46
2013-02-22T12:27:21	Chopper	25
2013-02-22T12:27:25	Height	TEN
2013-02-22T12:27:30	Julabo_1	25.4
2013-02-22T12:27:55	Height	TEN
2013-02-22T12:28:02	Julabo_1	25.34
2013-02-22T12:28:06	Eurotherm_3	23.93130993945
2013-02-22T12:28:21	Chopper	25
2013-02-22T12:28:25	Height	TEN
2013-02-22T12:28:48	Julabo_1	25.39
2013-02-22T12:28:55	Height	TEN
2013-02-22T12:29:21	Chopper	25
2013-02-22T12:29:25	Height	TEN
2013-02-22T12:29:25	Julabo_1	25.34
2013-02-22T12:29:56	Height	TEN
2013-02-22T12:29:56	Julabo_1	25.42
2013-02-22T12:30:21	Chopper	25
2013-02-22T12:30:26	Height	TEN
2013-02-22T12:30:26	Julabo_1	25.57
2013-02-22T12:30:56	Height	TEN
2013-02-22T12:30:56	Julabo_1	25.41
2013-02-22T12:30:59	Eurotherm_3	24.0343867882804
2013-02-22T12:31:21	Chopper	25
2013-02-22T12:31:26	Height	TEN
2013-02-22T12:31:44	Eurotherm_3	24.137466799573
2013-02-22T12:31:56	Height	TEN
2013-02-22T12:32:08	Julabo_1	25.35
2013-02-22T12:32:14	Eurotherm_3	24.240549973619
2013-02-22T12:32:21	Chopper	25
2013-02-22T12:32:26	Height	TEN
2013-02-22T12:32:38	Julabo_1	25.41
2013-02-22T12:32:44	Eurotherm_3	24.4467258111365
2013-02-22T12:32:56	Height	TEN
2013-02-22T12:32:59	Shutter	OPEN
2013-02-22T12:33:14	Eurotherm_3	24.5498184751905
2013-02-22T12:33:21	Chopper	25
2013-02-22T12:33:26	Height	TEN
2013-02-22T12:33:42	Julabo_1	25.36
2013-02-22T12:33:45	Eurotherm_3	24.6529143031626
2013-02-22T12:33:56	Height	TEN
2013-02-22T12:34:21	Chopper	25
2013-02-22T12:34:22	Julabo_1	25.42
2013-02-22T12:34:26	Height	TEN
2013-02-22T12:34:54	Eurotherm_3	24.7560132953447
2013-02-22T12:34:57	Height	TEN
2013-02-22T12:35:02	Julabo_1	25.48
2013-02-22T12:35:22	Chopper	25
2013-02-22T12:35:27	Height	TEN
2013-02-22T12:35:32	Julabo_1	25.33
2013-02-22T12:35:57	Height	TEN
2013-02-22T12:36:02	Julabo_1	25.4
2013-02-22T12:36:23	Chopper	25
2013-02-22T12:36:27	Height	TEN
2013-02-22T12:36:51	Julabo_1	25.33
2013-02-22T12:36:56	Eurotherm_3	24.8591154520278
2013-02-22T12:36:57	Height	TEN
2013-02-22T12:37:22	Julabo_1	25.39
2013-02-22T12:37:23	Chopper	25
2013-02-22T12:37:28	Height	TEN
2013-02-22T12:37:53	Julabo_1	25.34
2013-02-22T12:37:58	Height	TEN
2013-02-22T12:38:24	Chopper	25
2013-02-22T12:38:27	Julabo_1	25.42
2013-02-22T12:38:29	Height	TEN
2013-02-22T12:39:00	Height	TEN
2013-02-22T12:39:05	Julabo_1	25.37
2013-02-22T12:39:24	Chopper	25
2013-02-22T12:39:30	Height	TEN
2013-02-22T12:39:47	Julabo_1	25.43
2013-02-22T12:40:00	Height	TEN
2013-02-22T12:40:25	Chopper	25
2013-02-22T12:40:29	Julabo_1	25.38
2013-02-22T12:40:30	Height	TEN
2013-02-22T12:41:00	Height	TEN
2013-02-22T12:41:07	Julabo_1	25.43
2013-02-22T12:41:25	Chopper	25
2013-02-22T12:41:30	Height	TEN
2013-02-22T12:41:59	Julabo_1	25.38
2013-02-22T12:42:00	Height	TEN
2013-02-22T12:42:26	Chopper	25
2013-02-22T12:42:30	Height	TEN
2013-02-22T12:42:31	ScriptName	XPRESS_1293031
2013-02-22T12:42:41	Julabo_1	25.43
2013-02-22T12:42:47	Sample	282.5225
2013-02-22T12:42:50	Changer	J
2013-02-22T12:43:00	Height	TEN
2013-02-22T12:43:03	ScriptName	XPRESS_1293031
2013-02-22T12:43:03	Tx_Mon	Out
2013-02-22T12:43:03	Tx_Mon_Pos	130
2013-02-22T12:43:03	Aperture_2	Medium
2013-02-22T12:43:03	Det_HV	2146.2545943513
2013-02-22T12:43:03	Det_Temp	21.7354085603113
2013-02-22T12:43:03	Det_Rear_Temp	19.9
2013-02-22T12:43:03	Det_Discrim	150.679783898596
2013-02-22T12:43:03	Shutter	OPEN
2013-02-22T12:43:03	Changer	J
2013-02-22T12:43:03	Sample	329.1975
2013-02-22T12:43:03	Table	10.4994298745724
2013-02-22T12:43:03	Julabo_1	25.39
2013-02-22T12:43:03	Julabo_2	NaN
2013-02-22T12:43:03	Eurotherm_1	-246.861023765093
2013-02-22T12:43:03	Eurotherm_2	0
2013-02-22T12:43:03	Eurotherm_3	24.8591154520278
2013-02-22T12:43:14	Julabo_1	25.37
2013-02-22T12:43:17	Sample	329.1975
2013-02-22T12:43:26	Chopper	25
2013-02-22T12:43:31	Height	TEN
2013-02-22T12:43:52	Julabo_1	25.42
2013-02-22T12:44:01	Height	TEN
2013-02-22T12:44:26	Chopper	25
2013-02-22T12:44:32	Height	TEN
2013-02-22T12:44:32	Julabo_1	25.36
2013-02-22T12:45:02	Height	TEN
2013-02-22T12:45:14	Julabo_1	25.41
2013-02-22T12:45:27	Chopper	25
2013-02-22T12:45:32	Height	TEN
2013-02-22T12:45:45	Julabo_1	25.47
2013-02-22T12:46:03	Height	TEN
2013-02-22T12:46:15	Julabo_1	25.39
2013-02-22T12:46:27	Chopper	25
2013-02-22T12:46:33	Height	TEN
2013-02-22T12:47:03	Julabo_1	25.44
2013-02-22T12:47:04	Height	TEN
2013-02-22T12:47:28	Chopper	25
2013-02-22T12:47:34	Julabo_1	25.39
2013-02-22T12:47:35	Height	TEN
2013-02-22T12:48:04	Julabo_1	25.34
2013-02-22T12:48:05	Height	TEN
2013-02-22T12:48:19	Eurotherm_3	24.9622207735032
2013-02-22T12:48:28	Chopper	25
2013-02-22T12:48:35	Height	TEN
2013-02-22T12:48:35	Julabo_1	25.39
2013-02-22T12:48:49	Eurotherm_3	24.8591154520278
2013-02-22T12:49:05	Height	TEN
2013-02-22T12:49:17	Julabo_1	25.34
2013-02-22T12:49:29	Chopper	25
2013-02-22T12:49:29	Eurotherm_3	24.9622207735032
2013-02-22T12:49:36	Height	TEN
2013-02-22T12:49:47	Julabo_1	25.39
2013-02-22T12:50:06	Height	TEN
2013-02-22T12:50:07	Eurotherm_3	24.8591154520278
2013-02-22T12:50:18	Julabo_1	25.46
2013-02-22T12:50:29	Chopper	25
2013-02-22T12:50:37	Height	TEN
2013-02-22T12:50:37	Eurotherm_3	24.9622207735032
2013-02-22T12:50:57	Julabo_1	25.41
2013-02-22T12:51:07	Height	TEN
2013-02-22T12:51:29	Chopper	25
2013-02-22T12:51:38	Height	TEN
2013-02-22T12:51:41	Julabo_1	25.36
2013-02-22T12:52:09	Height	TEN
2013-02-22T12:52:14	Julabo_1	25.41
2013-02-22T12:52:30	Chopper	25
2013-02-22T12:52:40	Height	TEN
2013-02-22T12:52:53	Julabo_1	25.36
2013-02-22T12:53:10	Height	TEN
2013-02-22T12:53:23	Julabo_1	25.5
2013-02-22T12:53:30	Chopper	25
2013-02-22T12:53:40	Height	TEN
2013-02-22T12:53:44	Det_Temp	21.8599221789883
2013-02-22T12:53:54	Julabo_1	25.39
2013-02-22T12:54:10	Height	TEN
2013-02-22T12:54:25	Julabo_1	25.46
2013-02-22T12:54:31	Chopper	25
2013-02-22T12:54:41	Height	TEN
2013-02-22T12:54:55	Julabo_1	25.34
2013-02-22T12:55:12	Height	TEN
2013-02-22T12:55:31	Chopper	25
2013-02-22T12:55:31	Julabo_1	25.39
2013-02-22T12:55:42	Height	TEN
2013-02-22T12:56:12	Height	TEN
2013-02-22T12:56:18	Julabo_1	25.45
2013-02-22T12:56:31	Chopper	25
2013-02-22T12:56:42	Height	TEN
2013-02-22T12:56:48	Julabo_1	25.5
2013-02-22T12:57:12	Height	TEN
2013-02-22T12:57:21	Julabo_1	25.45
2013-02-22T12:57:32	Chopper	25
2013-02-22T12:57:43	Height	TEN
2013-02-22T12:58:00	Julabo_1	25.39
2013-02-22T12:58:13	Height	TEN
2013-02-22T12:58:32	Chopper	25
2013-02-22T12:58:32	Julabo_1	25.34
2013-02-22T12:58:43	Height	TEN
2013-02-22T12:59:02	Julabo_1	25.39
2013-02-22T12:59:13	Height	TEN
2013-02-22T12:59:32	Chopper	25
2013-02-22T12:59:32	Julabo_1	25.46
2013-02-22T12:59:43	Height	TEN
2013-02-22T13:00:05	Julabo_1	25.41
2013-02-22T13:00:13	Height	TEN
2013-02-22T13:00:32	Chopper	25
2013-02-22T13:00:43	Height	TEN
2013-02-22T13:00:44	Julabo_1	25.36
2013-02-22T13:01:13	Height	TEN
2013-02-22T13:01:15	Julabo_1	25.44
2013-02-22T13:01:32	Chopper	25
2013-02-22T13:01:43	Height	TEN
2013-02-22T13:02:07	Julabo_1	25.39
2013-02-22T13:02:13	Height	TEN
2013-02-22T13:02:32	Chopper	25
2013-02-22T13:02:37	Julabo_1	25.33
2013-02-22T13:02:43	Height	TEN
2013-02-22T13:03:09	Julabo_1	25.38
2013-02-22T13:03:13	Height	TEN
2013-02-22T13:03:32	Chopper	25
2013-02-22T13:03:44	Height	TEN
2013-02-22T13:03:58	Julabo_1	25.43
2013-02-22T13:04:14	Height	TEN
2013-02-22T13:04:29	Julabo_1	25.36
2013-02-22T13:04:32	Chopper	25
2013-02-22T13:04:44	Height	TEN
2013-02-22T13:05:02	Julabo_1	25.41
2013-02-22T13:05:15	Height	TEN
2013-02-22T13:05:32	Chopper	25
2013-02-22T13:05:39	Julabo_1	25.46
2013-02-22T13:05:45	Height	TEN
2013-02-22T13:06:10	Julabo_1	25.4
2013-02-22T13:06:16	Height	TEN
2013-02-22T13:06:32	Chopper	25
2013-02-22T13:06:46	Height	TEN
2013-02-22T13:07:10	Julabo_1	25.34
2013-02-22T13:07:16	Height	TEN
2013-02-22T13:07:33	Chopper	25
2013-02-22T13:07:47	Height	TEN
2013-02-22T13:07:50	Julabo_1	25.39
2013-02-22T13:08:17	Height	TEN
2013-02-22T13:08:23	Julabo_1	25.44
2013-02-22T13:08:33	Chopper	25
2013-02-22T13:08:48	Height	TEN
2013-02-22T13:08:54	Julabo_1	25.33
2013-02-22T13:09:19	Height	TEN
2013-02-22T13:09:34	Chopper	25
2013-02-22T13:09:35	Julabo_1	25.38
2013-02-22T13:09:50	Height	TEN
2013-02-22T13:10:05	Julabo_1	25.46
2013-02-22T13:10:20	Height	TEN
2013-02-22T13:10:35	Chopper	25
2013-02-22T13:10:35	Julabo_1	25.38
2013-02-22T13:10:51	Height	TEN
2013-02-22T13:11:05	Julabo_1	25.43
2013-02-22T13:11:22	Height	TEN
2013-02-22T13:11:36	Chopper	25
2013-02-22T13:11:36	Julabo_1	25.37
2013-02-22T13:11:52	Height	TEN
2013-02-22T13:12:22	Height	TEN
2013-02-22T13:12:36	Chopper	25
2013-02-22T13:12:36	Julabo_1	25.42
2013-02-22T13:12:53	Height	TEN
2013-02-22T13:13:07	Julabo_1	25.32
2013-02-22T13:13:23	Height	TEN
2013-02-22T13:13:36	Chopper	25
2013-02-22T13:13:37	Julabo_1	25.42
2013-02-22T13:13:49	Det_Temp	21.7354085603113
2013-02-22T13:13:53	Height	TEN
2013-02-22T13:14:16	Julabo_1	25.37
2013-02-22T13:14:23	Height	TEN
2013-02-22T13:14:36	Chopper	25
2013-02-22T13:14:46	Julabo_1	25.47
2013-02-22T13:14:53	Height	TEN
2013-02-22T13:15:16	Julabo_1	25.41
2013-02-22T13:15:23	Height	TEN
2013-02-22T13:15:36	Chopper	25
2013-02-22T13:15:47	Julabo_1	25.36
2013-02-22T13:15:53	Height	TEN
2013-02-22T13:15:58	ScriptName	XPRESS_1293031
2013-02-22T13:15:58	Tx_Mon	Out
2013-02-22T13:15:58	Tx_Mon_Pos	130
2013-02-22T13:15:58	Aperture_2	Medium
2013-02-22T13:15:58	Det_HV	2146.2545943513
2013-02-22T13:15:58	Det_Temp	21.8599221789883
2013-02-22T13:15:58	Det_Rear_Temp	19.9
2013-02-22T13:15:58	Det_Discrim	150.679783898596
2013-02-22T13:15:58	Shutter	OPEN
2013-02-22T13:15:58	Changer	J
2013-02-22T13:15:58	Sample	329.1975
2013-02-22T13:15:58	Table	10.4994298745724
2013-02-22T13:15:58	Julabo_1	25.37
2013-02-22T13:15:58	Julabo_2	NaN
2013-02-22T13:15:58	Eurotherm_1	-246.861023765093
2013-02-22T13:15:58	Eurotherm_2	0
2013-02-22T13:15:58	Eurotherm_3	24.9622207735032
